<html>
<head>
<title>TestNG:  Workspace Test</title>
<link href="../testng.css" rel="stylesheet" type="text/css" />
<link href="../my-testng.css" rel="stylesheet" type="text/css" />

<style type="text/css">
.log { display: none;} 
.stack-trace { display: none;} 
</style>
<script type="text/javascript">
<!--
function flip(e) {
  current = e.style.display;
  if (current == 'block') {
    e.style.display = 'none';
    return 0;
  }
  else {
    e.style.display = 'block';
    return 1;
  }
}

function toggleBox(szDivId, elem, msg1, msg2)
{
  var res = -1;  if (document.getElementById) {
    res = flip(document.getElementById(szDivId));
  }
  else if (document.all) {
    // this is the way old msie versions work
    res = flip(document.all[szDivId]);
  }
  if(elem) {
    if(res == 0) elem.innerHTML = msg1; else elem.innerHTML = msg2;
  }

}

function toggleAllBoxes() {
  if (document.getElementsByTagName) {
    d = document.getElementsByTagName('div');
    for (i = 0; i < d.length; i++) {
      if (d[i].className == 'log') {
        flip(d[i]);
      }
    }
  }
}

// -->
</script>

</head>
<body>
<h2 align='center'>Workspace Test</h2><table border='1' align="center">
<tr>
<td>Tests passed/Failed/Skipped:</td><td>0/2/7</td>
</tr><tr>
<td>Started on:</td><td>Fri Jan 10 11:33:03 IST 2014</td>
</tr>
<tr><td>Total time:</td><td>1192 seconds (1192434 ms)</td>
</tr><tr>
<td>Included groups:</td><td></td>
</tr><tr>
<td>Excluded groups:</td><td></td>
</tr>
</table><p/>
<small><i>(Hover the method name to see the test class name)</i></small><p/>
<table width='100%' border='1' class='invocation-failed'>
<tr><td colspan='4' align='center'><b>FAILED CONFIGURATIONS</b></td></tr>
<tr><td><b>Test method</b></td>
<td width="30%"><b>Exception</b></td>
<td width="10%"><b>Time (seconds)</b></td>
<td><b>Instance</b></td>
</tr>
<tr>
<td title='com.sapphire.workspace.Work_Create_SA_aers.doLogOut()'><b>doLogOut</b><br>Test class: com.sapphire.workspace.Work_Create_SA_aers</td>
<td><div><pre>org.openqa.selenium.NoSuchElementException: no such element
  (Session info: chrome=31.0.1650.63)
  (Driver info: chromedriver=2.8.241075,platform=Windows NT 6.1 x86) (WARNING: The server did not provide any stacktrace information)
Command duration or timeout: 30.06 seconds
For documentation on this error, please visit: http://seleniumhq.org/exceptions/no_such_element.html
Build info: version: &apos;2.38.0&apos;, revision: &apos;bd32d4e&apos;, time: &apos;2013-12-05 16:15:38&apos;
System info: host: &apos;PRATIK&apos;, ip: &apos;192.168.1.59&apos;, os.name: &apos;Windows 7&apos;, os.arch: &apos;x86&apos;, os.version: &apos;6.1&apos;, java.version: &apos;1.6.0_45&apos;
Session ID: fe7e25ad31386b3963a8e21b98d28af2
Driver info: org.openqa.selenium.chrome.ChromeDriver
Capabilities [{platform=XP, acceptSslCerts=true, javascriptEnabled=true, browserName=chrome, chrome={userDataDir=C:\Users\admin\AppData\Local\Temp\scoped_dir5460_7755}, rotatable=false, locationContextEnabled=true, version=31.0.1650.63, takesHeapSnapshot=true, cssSelectorsEnabled=true, databaseEnabled=false, handlesAlerts=true, browserConnectionEnabled=false, nativeEvents=true, webStorageEnabled=true, applicationCacheEnabled=false, takesScreenshot=true}]
	at sun.reflect.NativeConstructorAccessorImpl.newInstance0(Native Method)
	at sun.reflect.NativeConstructorAccessorImpl.newInstance(Unknown Source)
	at sun.reflect.DelegatingConstructorAccessorImpl.newInstance(Unknown Source)
	at java.lang.reflect.Constructor.newInstance(Unknown Source)
	at org.openqa.selenium.remote.ErrorHandler.createThrowable(ErrorHandler.java:193)
	at org.openqa.selenium.remote.ErrorHandler.throwIfResponseFailed(ErrorHandler.java:145)
	at org.openqa.selenium.remote.RemoteWebDriver.execute(RemoteWebDriver.java:554)
	at org.openqa.selenium.remote.RemoteWebDriver.findElement(RemoteWebDriver.java:307)
	at org.openqa.selenium.remote.RemoteWebDriver.findElementByLinkText(RemoteWebDriver.java:356)
	at org.openqa.selenium.By$ByLinkText.findElement(By.java:248)
	at org.openqa.selenium.remote.RemoteWebDriver.findElement(RemoteWebDriver.java:299)
	at com.test.Config.doLogOut(Config.java:72)
	at sun.reflect.NativeMethodAccessorImpl.invoke0(Native Method)
	at sun.reflect.NativeMethodAccessorImpl.invoke(Unknown Source)
	at sun.reflect.DelegatingMethodAccessorImpl.invoke(Unknown Source)
	at java.lang.reflect.Method.invoke(Unknown Source)
	at org.testng.internal.MethodInvocationHelper.invokeMethod(MethodInvocationHelper.java:84)
	at org.testng.internal.Invoker.invokeConfigurationMethod(Invoker.java:564)
	at org.testng.internal.Invoker.invokeConfigurations(Invoker.java:213)
	at org.testng.internal.Invoker.invokeConfigurations(Invoker.java:138)
	at org.testng.internal.TestMethodWorker.invokeAfterClassMethods(TestMethodWorker.java:225)
	at org.testng.internal.TestMethodWorker.run(TestMethodWorker.java:114)
	at org.testng.TestRunner.privateRun(TestRunner.java:767)
	at org.testng.TestRunner.run(TestRunner.java:617)
	at org.testng.SuiteRunner.runTest(SuiteRunner.java:334)
	at org.testng.SuiteRunner.runSequentially(SuiteRunner.java:329)
	at org.testng.SuiteRunner.privateRun(SuiteRunner.java:291)
	at org.testng.SuiteRunner.run(SuiteRunner.java:240)
	at org.testng.SuiteRunnerWorker.runSuite(SuiteRunnerWorker.java:52)
	at org.testng.SuiteRunnerWorker.run(SuiteRunnerWorker.java:86)
	at org.testng.TestNG.runSuitesSequentially(TestNG.java:1224)
	at org.testng.TestNG.runSuitesLocally(TestNG.java:1149)
	at org.testng.TestNG.run(TestNG.java:1057)
	at org.testng.remote.RemoteTestNG.run(RemoteTestNG.java:111)
	at org.testng.remote.RemoteTestNG.initAndRun(RemoteTestNG.java:204)
	at org.testng.remote.RemoteTestNG.main(RemoteTestNG.java:175)
</pre></div><a href='#' onClick='toggleBox("stack-trace20730792", this, "Click to show all stack frames", "Click to hide stack frames")'>Click to show all stack frames</a>
<div class='stack-trace' id='stack-trace20730792'><pre>org.openqa.selenium.NoSuchElementException: no such element
  (Session info: chrome=31.0.1650.63)
  (Driver info: chromedriver=2.8.241075,platform=Windows NT 6.1 x86) (WARNING: The server did not provide any stacktrace information)
Command duration or timeout: 30.06 seconds
For documentation on this error, please visit: http://seleniumhq.org/exceptions/no_such_element.html
Build info: version: &apos;2.38.0&apos;, revision: &apos;bd32d4e&apos;, time: &apos;2013-12-05 16:15:38&apos;
System info: host: &apos;PRATIK&apos;, ip: &apos;192.168.1.59&apos;, os.name: &apos;Windows 7&apos;, os.arch: &apos;x86&apos;, os.version: &apos;6.1&apos;, java.version: &apos;1.6.0_45&apos;
Session ID: fe7e25ad31386b3963a8e21b98d28af2
Driver info: org.openqa.selenium.chrome.ChromeDriver
Capabilities [{platform=XP, acceptSslCerts=true, javascriptEnabled=true, browserName=chrome, chrome={userDataDir=C:\Users\admin\AppData\Local\Temp\scoped_dir5460_7755}, rotatable=false, locationContextEnabled=true, version=31.0.1650.63, takesHeapSnapshot=true, cssSelectorsEnabled=true, databaseEnabled=false, handlesAlerts=true, browserConnectionEnabled=false, nativeEvents=true, webStorageEnabled=true, applicationCacheEnabled=false, takesScreenshot=true}]
	at sun.reflect.NativeConstructorAccessorImpl.newInstance0(Native Method)
	at sun.reflect.NativeConstructorAccessorImpl.newInstance(Unknown Source)
	at sun.reflect.DelegatingConstructorAccessorImpl.newInstance(Unknown Source)
	at java.lang.reflect.Constructor.newInstance(Unknown Source)
	at org.openqa.selenium.remote.ErrorHandler.createThrowable(ErrorHandler.java:193)
	at org.openqa.selenium.remote.ErrorHandler.throwIfResponseFailed(ErrorHandler.java:145)
	at org.openqa.selenium.remote.RemoteWebDriver.execute(RemoteWebDriver.java:554)
	at org.openqa.selenium.remote.RemoteWebDriver.findElement(RemoteWebDriver.java:307)
	at org.openqa.selenium.remote.RemoteWebDriver.findElementByLinkText(RemoteWebDriver.java:356)
	at org.openqa.selenium.By$ByLinkText.findElement(By.java:248)
	at org.openqa.selenium.remote.RemoteWebDriver.findElement(RemoteWebDriver.java:299)
	at com.test.Config.doLogOut(Config.java:72)
	at sun.reflect.NativeMethodAccessorImpl.invoke0(Native Method)
	at sun.reflect.NativeMethodAccessorImpl.invoke(Unknown Source)
	at sun.reflect.DelegatingMethodAccessorImpl.invoke(Unknown Source)
	at java.lang.reflect.Method.invoke(Unknown Source)
	at org.testng.internal.MethodInvocationHelper.invokeMethod(MethodInvocationHelper.java:84)
	at org.testng.internal.Invoker.invokeConfigurationMethod(Invoker.java:564)
	at org.testng.internal.Invoker.invokeConfigurations(Invoker.java:213)
	at org.testng.internal.Invoker.invokeConfigurations(Invoker.java:138)
	at org.testng.internal.TestMethodWorker.invokeAfterClassMethods(TestMethodWorker.java:225)
	at org.testng.internal.TestMethodWorker.run(TestMethodWorker.java:114)
	at org.testng.TestRunner.privateRun(TestRunner.java:767)
	at org.testng.TestRunner.run(TestRunner.java:617)
	at org.testng.SuiteRunner.runTest(SuiteRunner.java:334)
	at org.testng.SuiteRunner.runSequentially(SuiteRunner.java:329)
	at org.testng.SuiteRunner.privateRun(SuiteRunner.java:291)
	at org.testng.SuiteRunner.run(SuiteRunner.java:240)
	at org.testng.SuiteRunnerWorker.runSuite(SuiteRunnerWorker.java:52)
	at org.testng.SuiteRunnerWorker.run(SuiteRunnerWorker.java:86)
	at org.testng.TestNG.runSuitesSequentially(TestNG.java:1224)
	at org.testng.TestNG.runSuitesLocally(TestNG.java:1149)
	at org.testng.TestNG.run(TestNG.java:1057)
	at org.testng.remote.RemoteTestNG.run(RemoteTestNG.java:111)
	at org.testng.remote.RemoteTestNG.initAndRun(RemoteTestNG.java:204)
	at org.testng.remote.RemoteTestNG.main(RemoteTestNG.java:175)
</pre></div></td>
<td>0</td>
<td>com.sapphire.workspace.Work_Create_SA_aers@b988a6</td></tr>
</table><p>
<table width='100%' border='1' class='invocation-skipped'>
<tr><td colspan='4' align='center'><b>SKIPPED CONFIGURATIONS</b></td></tr>
<tr><td><b>Test method</b></td>
<td width="30%"><b>Exception</b></td>
<td width="10%"><b>Time (seconds)</b></td>
<td><b>Instance</b></td>
</tr>
<tr>
<td title='com.sapphire.workspace.Work_Create_Medline.doLogIn()'><b>doLogIn</b><br>Test class: com.sapphire.workspace.Work_Create_Medline</td>
<td></td>
<td>0</td>
<td>com.sapphire.workspace.Work_Create_Medline@29428e</td></tr>
<tr>
<td title='com.sapphire.workspace.Work_Create_External.doLogIn()'><b>doLogIn</b><br>Test class: com.sapphire.workspace.Work_Create_External</td>
<td></td>
<td>0</td>
<td>com.sapphire.workspace.Work_Create_External@12a1e44</td></tr>
<tr>
<td title='com.sapphire.workspace.Work_Create_Minutes.doLogIn()'><b>doLogIn</b><br>Test class: com.sapphire.workspace.Work_Create_Minutes</td>
<td></td>
<td>0</td>
<td>com.sapphire.workspace.Work_Create_Minutes@1c6f579</td></tr>
<tr>
<td title='com.sapphire.workspace.Work_Minutes_Verify.doLogIn()'><b>doLogIn</b><br>Test class: com.sapphire.workspace.Work_Minutes_Verify</td>
<td></td>
<td>0</td>
<td>com.sapphire.workspace.Work_Minutes_Verify@b1b4c3</td></tr>
<tr>
<td title='com.sapphire.workspace.Work_Create_CaseSeries.doLogIn()'><b>doLogIn</b><br>Test class: com.sapphire.workspace.Work_Create_CaseSeries</td>
<td></td>
<td>0</td>
<td>com.sapphire.workspace.Work_Create_CaseSeries@1d2068d</td></tr>
<tr>
<td title='com.sapphire.workspace.Work_CaseSeriesListing_Annotation.doLogIn()'><b>doLogIn</b><br>Test class: com.sapphire.workspace.Work_CaseSeriesListing_Annotation</td>
<td></td>
<td>0</td>
<td>com.sapphire.workspace.Work_CaseSeriesListing_Annotation@ba6c83</td></tr>
<tr>
<td title='com.sapphire.workspace.Work_CaseSeriesListing_Share.doLogIn()'><b>doLogIn</b><br>Test class: com.sapphire.workspace.Work_CaseSeriesListing_Share</td>
<td></td>
<td>0</td>
<td>com.sapphire.workspace.Work_CaseSeriesListing_Share@1d63e39</td></tr>
<tr>
<td title='com.sapphire.workspace.Work_Create_Medline.doLogOut()'><b>doLogOut</b><br>Test class: com.sapphire.workspace.Work_Create_Medline</td>
<td></td>
<td>0</td>
<td>com.sapphire.workspace.Work_Create_Medline@29428e</td></tr>
<tr>
<td title='com.sapphire.workspace.Work_Create_External.doLogOut()'><b>doLogOut</b><br>Test class: com.sapphire.workspace.Work_Create_External</td>
<td></td>
<td>0</td>
<td>com.sapphire.workspace.Work_Create_External@12a1e44</td></tr>
<tr>
<td title='com.sapphire.workspace.Work_Create_Minutes.doLogOut()'><b>doLogOut</b><br>Test class: com.sapphire.workspace.Work_Create_Minutes</td>
<td></td>
<td>0</td>
<td>com.sapphire.workspace.Work_Create_Minutes@1c6f579</td></tr>
<tr>
<td title='com.sapphire.workspace.Work_Minutes_Verify.doLogOut()'><b>doLogOut</b><br>Test class: com.sapphire.workspace.Work_Minutes_Verify</td>
<td></td>
<td>0</td>
<td>com.sapphire.workspace.Work_Minutes_Verify@b1b4c3</td></tr>
<tr>
<td title='com.sapphire.workspace.Work_Create_CaseSeries.doLogOut()'><b>doLogOut</b><br>Test class: com.sapphire.workspace.Work_Create_CaseSeries</td>
<td></td>
<td>0</td>
<td>com.sapphire.workspace.Work_Create_CaseSeries@1d2068d</td></tr>
<tr>
<td title='com.sapphire.workspace.Work_CaseSeriesListing_Annotation.doLogOut()'><b>doLogOut</b><br>Test class: com.sapphire.workspace.Work_CaseSeriesListing_Annotation</td>
<td></td>
<td>0</td>
<td>com.sapphire.workspace.Work_CaseSeriesListing_Annotation@ba6c83</td></tr>
<tr>
<td title='com.sapphire.workspace.Work_CaseSeriesListing_Share.doLogOut()'><b>doLogOut</b><br>Test class: com.sapphire.workspace.Work_CaseSeriesListing_Share</td>
<td></td>
<td>0</td>
<td>com.sapphire.workspace.Work_CaseSeriesListing_Share@1d63e39</td></tr>
</table><p>
<table width='100%' border='1' class='invocation-failed'>
<tr><td colspan='4' align='center'><b>FAILED TESTS</b></td></tr>
<tr><td><b>Test method</b></td>
<td width="30%"><b>Exception</b></td>
<td width="10%"><b>Time (seconds)</b></td>
<td><b>Instance</b></td>
</tr>
<tr>
<td title='com.sapphire.workspace.Work_Create_EA_aers_cs.TestMethodCreateEAaerscs()'><b>TestMethodCreateEAaerscs</b><br>Test class: com.sapphire.workspace.Work_Create_EA_aers_cs<br/>
<a href="#Output-14949315" onClick='toggleBox("Output-14949315", this, "Show output", "Hide output");'>Show output</a>

<a href="#Output-14949315" onClick="toggleAllBoxes();">Show all outputs</a>
<div class='log' id="Output-14949315">
Expected text Sapphire matches actual test Sapphire<br/>
EA AERS creation complete............<br/>
Expected text Sapphire matches actual test Sapphire<br/>
EA AERS creation complete............<br/>
Expected text Sapphire matches actual test Sapphire<br/>
EA AERS creation complete............<br/>
Expected text Sapphire matches actual test Sapphire<br/>
EA AERS creation complete............<br/>
Expected text Sapphire matches actual test Sapphire<br/>
EA AERS creation complete............<br/>
Expected text Sapphire matches actual test Sapphire<br/>
EA AERS creation complete............<br/>
Expected text Sapphire matches actual test Sapphire<br/>
EA AERS creation complete............<br/>
Expected text Sapphire matches actual test Sapphire<br/>
</div>
</td>
<td><div><pre>java.lang.AssertionError: Error in ea aers creation..
	at org.testng.Assert.fail(Assert.java:94)
	at com.sapphire.workspace.Work_Create_EA_aers_cs.TestMethodCreateEAaerscs(Work_Create_EA_aers_cs.java:256)
	at sun.reflect.NativeMethodAccessorImpl.invoke0(Native Method)
	at sun.reflect.NativeMethodAccessorImpl.invoke(Unknown Source)
	at sun.reflect.DelegatingMethodAccessorImpl.invoke(Unknown Source)
	at java.lang.reflect.Method.invoke(Unknown Source)
	at org.testng.internal.MethodInvocationHelper.invokeMethod(MethodInvocationHelper.java:84)
	at org.testng.internal.Invoker.invokeMethod(Invoker.java:714)
	at org.testng.internal.Invoker.invokeTestMethod(Invoker.java:901)
	at org.testng.internal.Invoker.invokeTestMethods(Invoker.java:1231)
	at org.testng.internal.TestMethodWorker.invokeTestMethods(TestMethodWorker.java:127)
	at org.testng.internal.TestMethodWorker.run(TestMethodWorker.java:111)
	at org.testng.TestRunner.privateRun(TestRunner.java:767)
	at org.testng.TestRunner.run(TestRunner.java:617)
	at org.testng.SuiteRunner.runTest(SuiteRunner.java:334)
	at org.testng.SuiteRunner.runSequentially(SuiteRunner.java:329)
	at org.testng.SuiteRunner.privateRun(SuiteRunner.java:291)
	at org.testng.SuiteRunner.run(SuiteRunner.java:240)
	at org.testng.SuiteRunnerWorker.runSuite(SuiteRunnerWorker.java:52)
	at org.testng.SuiteRunnerWorker.run(SuiteRunnerWorker.java:86)
	at org.testng.TestNG.runSuitesSequentially(TestNG.java:1224)
	at org.testng.TestNG.runSuitesLocally(TestNG.java:1149)
	at org.testng.TestNG.run(TestNG.java:1057)
	at org.testng.remote.RemoteTestNG.run(RemoteTestNG.java:111)
	at org.testng.remote.RemoteTestNG.initAndRun(RemoteTestNG.java:204)
	at org.testng.remote.RemoteTestNG.main(RemoteTestNG.java:175)
</pre></div><a href='#' onClick='toggleBox("stack-trace14949315", this, "Click to show all stack frames", "Click to hide stack frames")'>Click to show all stack frames</a>
<div class='stack-trace' id='stack-trace14949315'><pre>java.lang.AssertionError: Error in ea aers creation..
	at org.testng.Assert.fail(Assert.java:94)
	at com.sapphire.workspace.Work_Create_EA_aers_cs.TestMethodCreateEAaerscs(Work_Create_EA_aers_cs.java:256)
	at sun.reflect.NativeMethodAccessorImpl.invoke0(Native Method)
	at sun.reflect.NativeMethodAccessorImpl.invoke(Unknown Source)
	at sun.reflect.DelegatingMethodAccessorImpl.invoke(Unknown Source)
	at java.lang.reflect.Method.invoke(Unknown Source)
	at org.testng.internal.MethodInvocationHelper.invokeMethod(MethodInvocationHelper.java:84)
	at org.testng.internal.Invoker.invokeMethod(Invoker.java:714)
	at org.testng.internal.Invoker.invokeTestMethod(Invoker.java:901)
	at org.testng.internal.Invoker.invokeTestMethods(Invoker.java:1231)
	at org.testng.internal.TestMethodWorker.invokeTestMethods(TestMethodWorker.java:127)
	at org.testng.internal.TestMethodWorker.run(TestMethodWorker.java:111)
	at org.testng.TestRunner.privateRun(TestRunner.java:767)
	at org.testng.TestRunner.run(TestRunner.java:617)
	at org.testng.SuiteRunner.runTest(SuiteRunner.java:334)
	at org.testng.SuiteRunner.runSequentially(SuiteRunner.java:329)
	at org.testng.SuiteRunner.privateRun(SuiteRunner.java:291)
	at org.testng.SuiteRunner.run(SuiteRunner.java:240)
	at org.testng.SuiteRunnerWorker.runSuite(SuiteRunnerWorker.java:52)
	at org.testng.SuiteRunnerWorker.run(SuiteRunnerWorker.java:86)
	at org.testng.TestNG.runSuitesSequentially(TestNG.java:1224)
	at org.testng.TestNG.runSuitesLocally(TestNG.java:1149)
	at org.testng.TestNG.run(TestNG.java:1057)
	at org.testng.remote.RemoteTestNG.run(RemoteTestNG.java:111)
	at org.testng.remote.RemoteTestNG.initAndRun(RemoteTestNG.java:204)
	at org.testng.remote.RemoteTestNG.main(RemoteTestNG.java:175)
</pre></div></td>
<td>792</td>
<td>com.sapphire.workspace.Work_Create_EA_aers_cs@388993</td></tr>
<tr>
<td title='com.sapphire.workspace.Work_Create_SA_aers.TestMethodCreateSAaers()'><b>TestMethodCreateSAaers</b><br>Test class: com.sapphire.workspace.Work_Create_SA_aers<br/>
<a href="#Output-7182746" onClick='toggleBox("Output-7182746", this, "Show output", "Hide output");'>Show output</a>

<a href="#Output-7182746" onClick="toggleAllBoxes();">Show all outputs</a>
<div class='log' id="Output-7182746">
Expected text Sapphire matches actual test Sapphire<br/>
Expected text Sapphire matches actual test Sapphire<br/>
Expected text Sapphire matches actual test Sapphire<br/>
Expected text Sapphire matches actual test Sapphire<br/>
</div>
</td>
<td><div><pre>java.lang.AssertionError: Error in sa aers creation..
	at org.testng.Assert.fail(Assert.java:94)
	at com.sapphire.workspace.Work_Create_SA_aers.TestMethodCreateSAaers(Work_Create_SA_aers.java:142)
	at sun.reflect.NativeMethodAccessorImpl.invoke0(Native Method)
	at sun.reflect.NativeMethodAccessorImpl.invoke(Unknown Source)
	at sun.reflect.DelegatingMethodAccessorImpl.invoke(Unknown Source)
	at java.lang.reflect.Method.invoke(Unknown Source)
	at org.testng.internal.MethodInvocationHelper.invokeMethod(MethodInvocationHelper.java:84)
	at org.testng.internal.Invoker.invokeMethod(Invoker.java:714)
	at org.testng.internal.Invoker.invokeTestMethod(Invoker.java:901)
	at org.testng.internal.Invoker.invokeTestMethods(Invoker.java:1231)
	at org.testng.internal.TestMethodWorker.invokeTestMethods(TestMethodWorker.java:127)
	at org.testng.internal.TestMethodWorker.run(TestMethodWorker.java:111)
	at org.testng.TestRunner.privateRun(TestRunner.java:767)
	at org.testng.TestRunner.run(TestRunner.java:617)
	at org.testng.SuiteRunner.runTest(SuiteRunner.java:334)
	at org.testng.SuiteRunner.runSequentially(SuiteRunner.java:329)
	at org.testng.SuiteRunner.privateRun(SuiteRunner.java:291)
	at org.testng.SuiteRunner.run(SuiteRunner.java:240)
	at org.testng.SuiteRunnerWorker.runSuite(SuiteRunnerWorker.java:52)
	at org.testng.SuiteRunnerWorker.run(SuiteRunnerWorker.java:86)
	at org.testng.TestNG.runSuitesSequentially(TestNG.java:1224)
	at org.testng.TestNG.runSuitesLocally(TestNG.java:1149)
	at org.testng.TestNG.run(TestNG.java:1057)
	at org.testng.remote.RemoteTestNG.run(RemoteTestNG.java:111)
	at org.testng.remote.RemoteTestNG.initAndRun(RemoteTestNG.java:204)
	at org.testng.remote.RemoteTestNG.main(RemoteTestNG.java:175)
</pre></div><a href='#' onClick='toggleBox("stack-trace7182746", this, "Click to show all stack frames", "Click to hide stack frames")'>Click to show all stack frames</a>
<div class='stack-trace' id='stack-trace7182746'><pre>java.lang.AssertionError: Error in sa aers creation..
	at org.testng.Assert.fail(Assert.java:94)
	at com.sapphire.workspace.Work_Create_SA_aers.TestMethodCreateSAaers(Work_Create_SA_aers.java:142)
	at sun.reflect.NativeMethodAccessorImpl.invoke0(Native Method)
	at sun.reflect.NativeMethodAccessorImpl.invoke(Unknown Source)
	at sun.reflect.DelegatingMethodAccessorImpl.invoke(Unknown Source)
	at java.lang.reflect.Method.invoke(Unknown Source)
	at org.testng.internal.MethodInvocationHelper.invokeMethod(MethodInvocationHelper.java:84)
	at org.testng.internal.Invoker.invokeMethod(Invoker.java:714)
	at org.testng.internal.Invoker.invokeTestMethod(Invoker.java:901)
	at org.testng.internal.Invoker.invokeTestMethods(Invoker.java:1231)
	at org.testng.internal.TestMethodWorker.invokeTestMethods(TestMethodWorker.java:127)
	at org.testng.internal.TestMethodWorker.run(TestMethodWorker.java:111)
	at org.testng.TestRunner.privateRun(TestRunner.java:767)
	at org.testng.TestRunner.run(TestRunner.java:617)
	at org.testng.SuiteRunner.runTest(SuiteRunner.java:334)
	at org.testng.SuiteRunner.runSequentially(SuiteRunner.java:329)
	at org.testng.SuiteRunner.privateRun(SuiteRunner.java:291)
	at org.testng.SuiteRunner.run(SuiteRunner.java:240)
	at org.testng.SuiteRunnerWorker.runSuite(SuiteRunnerWorker.java:52)
	at org.testng.SuiteRunnerWorker.run(SuiteRunnerWorker.java:86)
	at org.testng.TestNG.runSuitesSequentially(TestNG.java:1224)
	at org.testng.TestNG.runSuitesLocally(TestNG.java:1149)
	at org.testng.TestNG.run(TestNG.java:1057)
	at org.testng.remote.RemoteTestNG.run(RemoteTestNG.java:111)
	at org.testng.remote.RemoteTestNG.initAndRun(RemoteTestNG.java:204)
	at org.testng.remote.RemoteTestNG.main(RemoteTestNG.java:175)
</pre></div></td>
<td>325</td>
<td>com.sapphire.workspace.Work_Create_SA_aers@b988a6</td></tr>
</table><p>
<table width='100%' border='1' class='invocation-skipped'>
<tr><td colspan='4' align='center'><b>SKIPPED TESTS</b></td></tr>
<tr><td><b>Test method</b></td>
<td width="30%"><b>Exception</b></td>
<td width="10%"><b>Time (seconds)</b></td>
<td><b>Instance</b></td>
</tr>
<tr>
<td title='com.sapphire.workspace.Work_CaseSeriesListing_Annotation.TestMethodCaseSeriesAnnotation()'><b>TestMethodCaseSeriesAnnotation</b><br>Test class: com.sapphire.workspace.Work_CaseSeriesListing_Annotation</td>
<td></td>
<td>0</td>
<td>com.sapphire.workspace.Work_CaseSeriesListing_Annotation@ba6c83</td></tr>
<tr>
<td title='com.sapphire.workspace.Work_CaseSeriesListing_Share.TestMethodCaseSeriesShare()'><b>TestMethodCaseSeriesShare</b><br>Test class: com.sapphire.workspace.Work_CaseSeriesListing_Share</td>
<td></td>
<td>0</td>
<td>com.sapphire.workspace.Work_CaseSeriesListing_Share@1d63e39</td></tr>
<tr>
<td title='com.sapphire.workspace.Work_Create_CaseSeries.TestMethodCreateCaseSeries()'><b>TestMethodCreateCaseSeries</b><br>Test class: com.sapphire.workspace.Work_Create_CaseSeries</td>
<td></td>
<td>0</td>
<td>com.sapphire.workspace.Work_Create_CaseSeries@1d2068d</td></tr>
<tr>
<td title='com.sapphire.workspace.Work_Create_Medline.TestMethodCreateMedline()'><b>TestMethodCreateMedline</b><br>Test class: com.sapphire.workspace.Work_Create_Medline</td>
<td></td>
<td>0</td>
<td>com.sapphire.workspace.Work_Create_Medline@29428e</td></tr>
<tr>
<td title='com.sapphire.workspace.Work_Create_External.TestMethodCreateMedline()'><b>TestMethodCreateMedline</b><br>Test class: com.sapphire.workspace.Work_Create_External</td>
<td></td>
<td>0</td>
<td>com.sapphire.workspace.Work_Create_External@12a1e44</td></tr>
<tr>
<td title='com.sapphire.workspace.Work_Create_Minutes.TestMethodCreateMinutes()'><b>TestMethodCreateMinutes</b><br>Test class: com.sapphire.workspace.Work_Create_Minutes</td>
<td></td>
<td>0</td>
<td>com.sapphire.workspace.Work_Create_Minutes@1c6f579</td></tr>
<tr>
<td title='com.sapphire.workspace.Work_Minutes_Verify.TestMethodMinutesVerify()'><b>TestMethodMinutesVerify</b><br>Test class: com.sapphire.workspace.Work_Minutes_Verify</td>
<td></td>
<td>0</td>
<td>com.sapphire.workspace.Work_Minutes_Verify@b1b4c3</td></tr>
</table><p>
</body>
</html>