<?xml version="1.0" encoding="UTF-8"?>
<!-- Generated by org.testng.reporters.JUnitXMLReporter -->
<testsuite hostname="PRATIK" name="Workspace Test" tests="9" failures="2" timestamp="10 Jan 2014 06:22:56 GMT" time="1192.434" errors="0">
  <testcase name="@AfterClass doLogOut" time="0.0" classname="com.sapphire.workspace.Work_Create_SA_aers">
    <failure type="org.openqa.selenium.NoSuchElementException" message="no such element
  (Session info: chrome=31.0.1650.63)
  (Driver info: chromedriver=2.8.241075,platform=Windows NT 6.1 x86) (WARNING: The server did not provide any stacktrace information)
Command duration or timeout: 30.06 seconds
For documentation on this error, please visit: http://seleniumhq.org/exceptions/no_such_element.html
Build info: version: &amp;apos;2.38.0&amp;apos;, revision: &amp;apos;bd32d4e&amp;apos;, time: &amp;apos;2013-12-05 16:15:38&amp;apos;
System info: host: &amp;apos;PRATIK&amp;apos;, ip: &amp;apos;192.168.1.59&amp;apos;, os.name: &amp;apos;Windows 7&amp;apos;, os.arch: &amp;apos;x86&amp;apos;, os.version: &amp;apos;6.1&amp;apos;, java.version: &amp;apos;1.6.0_45&amp;apos;
Session ID: fe7e25ad31386b3963a8e21b98d28af2
Driver info: org.openqa.selenium.chrome.ChromeDriver
Capabilities [{platform=XP, acceptSslCerts=true, javascriptEnabled=true, browserName=chrome, chrome={userDataDir=C:\Users\admin\AppData\Local\Temp\scoped_dir5460_7755}, rotatable=false, locationContextEnabled=true, version=31.0.1650.63, takesHeapSnapshot=true, cssSelectorsEnabled=true, databaseEnabled=false, handlesAlerts=true, browserConnectionEnabled=false, nativeEvents=true, webStorageEnabled=true, applicationCacheEnabled=false, takesScreenshot=true}]">
      <![CDATA[org.openqa.selenium.NoSuchElementException: no such element
  (Session info: chrome=31.0.1650.63)
  (Driver info: chromedriver=2.8.241075,platform=Windows NT 6.1 x86) (WARNING: The server did not provide any stacktrace information)
Command duration or timeout: 30.06 seconds
For documentation on this error, please visit: http://seleniumhq.org/exceptions/no_such_element.html
Build info: version: '2.38.0', revision: 'bd32d4e', time: '2013-12-05 16:15:38'
System info: host: 'PRATIK', ip: '192.168.1.59', os.name: 'Windows 7', os.arch: 'x86', os.version: '6.1', java.version: '1.6.0_45'
Session ID: fe7e25ad31386b3963a8e21b98d28af2
Driver info: org.openqa.selenium.chrome.ChromeDriver
Capabilities [{platform=XP, acceptSslCerts=true, javascriptEnabled=true, browserName=chrome, chrome={userDataDir=C:\Users\admin\AppData\Local\Temp\scoped_dir5460_7755}, rotatable=false, locationContextEnabled=true, version=31.0.1650.63, takesHeapSnapshot=true, cssSelectorsEnabled=true, databaseEnabled=false, handlesAlerts=true, browserConnectionEnabled=false, nativeEvents=true, webStorageEnabled=true, applicationCacheEnabled=false, takesScreenshot=true}]
	at sun.reflect.NativeConstructorAccessorImpl.newInstance0(Native Method)
	at sun.reflect.NativeConstructorAccessorImpl.newInstance(Unknown Source)
	at sun.reflect.DelegatingConstructorAccessorImpl.newInstance(Unknown Source)
	at java.lang.reflect.Constructor.newInstance(Unknown Source)
	at org.openqa.selenium.remote.ErrorHandler.createThrowable(ErrorHandler.java:193)
	at org.openqa.selenium.remote.ErrorHandler.throwIfResponseFailed(ErrorHandler.java:145)
	at org.openqa.selenium.remote.RemoteWebDriver.execute(RemoteWebDriver.java:554)
	at org.openqa.selenium.remote.RemoteWebDriver.findElement(RemoteWebDriver.java:307)
	at org.openqa.selenium.remote.RemoteWebDriver.findElementByLinkText(RemoteWebDriver.java:356)
	at org.openqa.selenium.By$ByLinkText.findElement(By.java:248)
	at org.openqa.selenium.remote.RemoteWebDriver.findElement(RemoteWebDriver.java:299)
	at com.test.Config.doLogOut(Config.java:72)
	at sun.reflect.NativeMethodAccessorImpl.invoke0(Native Method)
	at sun.reflect.NativeMethodAccessorImpl.invoke(Unknown Source)
	at sun.reflect.DelegatingMethodAccessorImpl.invoke(Unknown Source)
	at java.lang.reflect.Method.invoke(Unknown Source)
	at org.testng.internal.MethodInvocationHelper.invokeMethod(MethodInvocationHelper.java:84)
	at org.testng.internal.Invoker.invokeConfigurationMethod(Invoker.java:564)
	at org.testng.internal.Invoker.invokeConfigurations(Invoker.java:213)
	at org.testng.internal.Invoker.invokeConfigurations(Invoker.java:138)
	at org.testng.internal.TestMethodWorker.invokeAfterClassMethods(TestMethodWorker.java:225)
	at org.testng.internal.TestMethodWorker.run(TestMethodWorker.java:114)
	at org.testng.TestRunner.privateRun(TestRunner.java:767)
	at org.testng.TestRunner.run(TestRunner.java:617)
	at org.testng.SuiteRunner.runTest(SuiteRunner.java:334)
	at org.testng.SuiteRunner.runSequentially(SuiteRunner.java:329)
	at org.testng.SuiteRunner.privateRun(SuiteRunner.java:291)
	at org.testng.SuiteRunner.run(SuiteRunner.java:240)
	at org.testng.SuiteRunnerWorker.runSuite(SuiteRunnerWorker.java:52)
	at org.testng.SuiteRunnerWorker.run(SuiteRunnerWorker.java:86)
	at org.testng.TestNG.runSuitesSequentially(TestNG.java:1224)
	at org.testng.TestNG.runSuitesLocally(TestNG.java:1149)
	at org.testng.TestNG.run(TestNG.java:1057)
	at org.testng.remote.RemoteTestNG.run(RemoteTestNG.java:111)
	at org.testng.remote.RemoteTestNG.initAndRun(RemoteTestNG.java:204)
	at org.testng.remote.RemoteTestNG.main(RemoteTestNG.java:175)
]]>
    </failure>
  </testcase> <!-- @AfterClass doLogOut -->
  <testcase name="@BeforeClass doLogIn" time="0.0" classname="com.sapphire.workspace.Work_Create_Medline">
    <skipped/>
  </testcase> <!-- @BeforeClass doLogIn -->
  <testcase name="@AfterClass doLogOut" time="0.0" classname="com.sapphire.workspace.Work_Create_Medline">
    <skipped/>
  </testcase> <!-- @AfterClass doLogOut -->
  <testcase name="@BeforeClass doLogIn" time="0.0" classname="com.sapphire.workspace.Work_Create_External">
    <skipped/>
  </testcase> <!-- @BeforeClass doLogIn -->
  <testcase name="@AfterClass doLogOut" time="0.0" classname="com.sapphire.workspace.Work_Create_External">
    <skipped/>
  </testcase> <!-- @AfterClass doLogOut -->
  <testcase name="@BeforeClass doLogIn" time="0.0" classname="com.sapphire.workspace.Work_Create_Minutes">
    <skipped/>
  </testcase> <!-- @BeforeClass doLogIn -->
  <testcase name="@AfterClass doLogOut" time="0.0" classname="com.sapphire.workspace.Work_Create_Minutes">
    <skipped/>
  </testcase> <!-- @AfterClass doLogOut -->
  <testcase name="@BeforeClass doLogIn" time="0.0" classname="com.sapphire.workspace.Work_Minutes_Verify">
    <skipped/>
  </testcase> <!-- @BeforeClass doLogIn -->
  <testcase name="@AfterClass doLogOut" time="0.0" classname="com.sapphire.workspace.Work_Minutes_Verify">
    <skipped/>
  </testcase> <!-- @AfterClass doLogOut -->
  <testcase name="@BeforeClass doLogIn" time="0.0" classname="com.sapphire.workspace.Work_Create_CaseSeries">
    <skipped/>
  </testcase> <!-- @BeforeClass doLogIn -->
  <testcase name="@AfterClass doLogOut" time="0.0" classname="com.sapphire.workspace.Work_Create_CaseSeries">
    <skipped/>
  </testcase> <!-- @AfterClass doLogOut -->
  <testcase name="@BeforeClass doLogIn" time="0.0" classname="com.sapphire.workspace.Work_CaseSeriesListing_Annotation">
    <skipped/>
  </testcase> <!-- @BeforeClass doLogIn -->
  <testcase name="@AfterClass doLogOut" time="0.0" classname="com.sapphire.workspace.Work_CaseSeriesListing_Annotation">
    <skipped/>
  </testcase> <!-- @AfterClass doLogOut -->
  <testcase name="@BeforeClass doLogIn" time="0.0" classname="com.sapphire.workspace.Work_CaseSeriesListing_Share">
    <skipped/>
  </testcase> <!-- @BeforeClass doLogIn -->
  <testcase name="@AfterClass doLogOut" time="0.0" classname="com.sapphire.workspace.Work_CaseSeriesListing_Share">
    <skipped/>
  </testcase> <!-- @AfterClass doLogOut -->
  <testcase name="TestMethodCreateEAaerscs" time="792.665" classname="com.sapphire.workspace.Work_Create_EA_aers_cs">
    <failure type="java.lang.AssertionError" message="Error in ea aers creation..">
      <![CDATA[java.lang.AssertionError: Error in ea aers creation..
	at org.testng.Assert.fail(Assert.java:94)
	at com.sapphire.workspace.Work_Create_EA_aers_cs.TestMethodCreateEAaerscs(Work_Create_EA_aers_cs.java:256)
	at sun.reflect.NativeMethodAccessorImpl.invoke0(Native Method)
	at sun.reflect.NativeMethodAccessorImpl.invoke(Unknown Source)
	at sun.reflect.DelegatingMethodAccessorImpl.invoke(Unknown Source)
	at java.lang.reflect.Method.invoke(Unknown Source)
	at org.testng.internal.MethodInvocationHelper.invokeMethod(MethodInvocationHelper.java:84)
	at org.testng.internal.Invoker.invokeMethod(Invoker.java:714)
	at org.testng.internal.Invoker.invokeTestMethod(Invoker.java:901)
	at org.testng.internal.Invoker.invokeTestMethods(Invoker.java:1231)
	at org.testng.internal.TestMethodWorker.invokeTestMethods(TestMethodWorker.java:127)
	at org.testng.internal.TestMethodWorker.run(TestMethodWorker.java:111)
	at org.testng.TestRunner.privateRun(TestRunner.java:767)
	at org.testng.TestRunner.run(TestRunner.java:617)
	at org.testng.SuiteRunner.runTest(SuiteRunner.java:334)
	at org.testng.SuiteRunner.runSequentially(SuiteRunner.java:329)
	at org.testng.SuiteRunner.privateRun(SuiteRunner.java:291)
	at org.testng.SuiteRunner.run(SuiteRunner.java:240)
	at org.testng.SuiteRunnerWorker.runSuite(SuiteRunnerWorker.java:52)
	at org.testng.SuiteRunnerWorker.run(SuiteRunnerWorker.java:86)
	at org.testng.TestNG.runSuitesSequentially(TestNG.java:1224)
	at org.testng.TestNG.runSuitesLocally(TestNG.java:1149)
	at org.testng.TestNG.run(TestNG.java:1057)
	at org.testng.remote.RemoteTestNG.run(RemoteTestNG.java:111)
	at org.testng.remote.RemoteTestNG.initAndRun(RemoteTestNG.java:204)
	at org.testng.remote.RemoteTestNG.main(RemoteTestNG.java:175)
]]>
    </failure>
  </testcase> <!-- TestMethodCreateEAaerscs -->
  <testcase name="TestMethodCreateSAaers" time="325.815" classname="com.sapphire.workspace.Work_Create_SA_aers">
    <failure type="java.lang.AssertionError" message="Error in sa aers creation..">
      <![CDATA[java.lang.AssertionError: Error in sa aers creation..
	at org.testng.Assert.fail(Assert.java:94)
	at com.sapphire.workspace.Work_Create_SA_aers.TestMethodCreateSAaers(Work_Create_SA_aers.java:142)
	at sun.reflect.NativeMethodAccessorImpl.invoke0(Native Method)
	at sun.reflect.NativeMethodAccessorImpl.invoke(Unknown Source)
	at sun.reflect.DelegatingMethodAccessorImpl.invoke(Unknown Source)
	at java.lang.reflect.Method.invoke(Unknown Source)
	at org.testng.internal.MethodInvocationHelper.invokeMethod(MethodInvocationHelper.java:84)
	at org.testng.internal.Invoker.invokeMethod(Invoker.java:714)
	at org.testng.internal.Invoker.invokeTestMethod(Invoker.java:901)
	at org.testng.internal.Invoker.invokeTestMethods(Invoker.java:1231)
	at org.testng.internal.TestMethodWorker.invokeTestMethods(TestMethodWorker.java:127)
	at org.testng.internal.TestMethodWorker.run(TestMethodWorker.java:111)
	at org.testng.TestRunner.privateRun(TestRunner.java:767)
	at org.testng.TestRunner.run(TestRunner.java:617)
	at org.testng.SuiteRunner.runTest(SuiteRunner.java:334)
	at org.testng.SuiteRunner.runSequentially(SuiteRunner.java:329)
	at org.testng.SuiteRunner.privateRun(SuiteRunner.java:291)
	at org.testng.SuiteRunner.run(SuiteRunner.java:240)
	at org.testng.SuiteRunnerWorker.runSuite(SuiteRunnerWorker.java:52)
	at org.testng.SuiteRunnerWorker.run(SuiteRunnerWorker.java:86)
	at org.testng.TestNG.runSuitesSequentially(TestNG.java:1224)
	at org.testng.TestNG.runSuitesLocally(TestNG.java:1149)
	at org.testng.TestNG.run(TestNG.java:1057)
	at org.testng.remote.RemoteTestNG.run(RemoteTestNG.java:111)
	at org.testng.remote.RemoteTestNG.initAndRun(RemoteTestNG.java:204)
	at org.testng.remote.RemoteTestNG.main(RemoteTestNG.java:175)
]]>
    </failure>
  </testcase> <!-- TestMethodCreateSAaers -->
  <testcase name="TestMethodCreateMedline" time="0.0" classname="com.sapphire.workspace.Work_Create_Medline">
    <skipped/>
  </testcase> <!-- TestMethodCreateMedline -->
  <testcase name="TestMethodCreateMedline" time="0.0" classname="com.sapphire.workspace.Work_Create_External">
    <skipped/>
  </testcase> <!-- TestMethodCreateMedline -->
  <testcase name="TestMethodCreateMinutes" time="0.0" classname="com.sapphire.workspace.Work_Create_Minutes">
    <skipped/>
  </testcase> <!-- TestMethodCreateMinutes -->
  <testcase name="TestMethodMinutesVerify" time="0.0" classname="com.sapphire.workspace.Work_Minutes_Verify">
    <skipped/>
  </testcase> <!-- TestMethodMinutesVerify -->
  <testcase name="TestMethodCreateCaseSeries" time="0.0010" classname="com.sapphire.workspace.Work_Create_CaseSeries">
    <skipped/>
  </testcase> <!-- TestMethodCreateCaseSeries -->
  <testcase name="TestMethodCaseSeriesAnnotation" time="0.0010" classname="com.sapphire.workspace.Work_CaseSeriesListing_Annotation">
    <skipped/>
  </testcase> <!-- TestMethodCaseSeriesAnnotation -->
  <testcase name="TestMethodCaseSeriesShare" time="0.0" classname="com.sapphire.workspace.Work_CaseSeriesListing_Share">
    <skipped/>
  </testcase> <!-- TestMethodCaseSeriesShare -->
</testsuite> <!-- Workspace Test -->
