<html>
<head>
<title>TestNG:  Database Test on Win7</title>
<link href="../testng.css" rel="stylesheet" type="text/css" />
<link href="../my-testng.css" rel="stylesheet" type="text/css" />

<style type="text/css">
.log { display: none;} 
.stack-trace { display: none;} 
</style>
<script type="text/javascript">
<!--
function flip(e) {
  current = e.style.display;
  if (current == 'block') {
    e.style.display = 'none';
    return 0;
  }
  else {
    e.style.display = 'block';
    return 1;
  }
}

function toggleBox(szDivId, elem, msg1, msg2)
{
  var res = -1;  if (document.getElementById) {
    res = flip(document.getElementById(szDivId));
  }
  else if (document.all) {
    // this is the way old msie versions work
    res = flip(document.all[szDivId]);
  }
  if(elem) {
    if(res == 0) elem.innerHTML = msg1; else elem.innerHTML = msg2;
  }

}

function toggleAllBoxes() {
  if (document.getElementsByTagName) {
    d = document.getElementsByTagName('div');
    for (i = 0; i < d.length; i++) {
      if (d[i].className == 'log') {
        flip(d[i]);
      }
    }
  }
}

// -->
</script>

</head>
<body>
<h2 align='center'>Database Test on Win7</h2><table border='1' align="center">
<tr>
<td>Tests passed/Failed/Skipped:</td><td>9/9/0</td>
</tr><tr>
<td>Started on:</td><td>Mon Jun 30 20:40:58 IST 2014</td>
</tr>
<tr><td>Total time:</td><td>5 seconds (5332 ms)</td>
</tr><tr>
<td>Included groups:</td><td></td>
</tr><tr>
<td>Excluded groups:</td><td></td>
</tr>
</table><p/>
<small><i>(Hover the method name to see the test class name)</i></small><p/>
<table width='100%' border='1' class='invocation-failed'>
<tr><td colspan='4' align='center'><b>FAILED TESTS</b></td></tr>
<tr><td><b>Test method</b></td>
<td width="30%"><b>Exception</b></td>
<td width="10%"><b>Time (seconds)</b></td>
<td><b>Instance</b></td>
</tr>
<tr>
<td title='com.sapphire.etl.AERS_RECORD_COUNTS.AERSCaseCountDemo()'><b>AERSCaseCountDemo</b><br>Test class: com.sapphire.etl.AERS_RECORD_COUNTS<br/>
<a href="#Output-16825026" onClick='toggleBox("Output-16825026", this, "Show output", "Hide output");'>Show output</a>

<a href="#Output-16825026" onClick="toggleAllBoxes();">Show all outputs</a>
<div class='log' id="Output-16825026">
SELECT fda_rel_qtr,count(*) FROM aers_demo group by fda_rel_qtr<br/>
Expected : null<br/>
Actual : [00Q1, 41758, 00Q2, 38529, 00Q3, 48361, 00Q4, 49215, 01Q1, 50517, 01Q2, 43476, 01Q3, 43771, 01Q4, 47308, 02Q1, 35742, 02Q2, 54494, 02Q3, 46808, 02Q4, 46984, 03Q1, 44546, 03Q2, 57414, 03Q3, 64027, 03Q4, 60280, 04Q1, 65968, 04Q2, 60198, 04Q3, 75418, 04Q4, 70704, 05Q1, 75315, 05Q2, 79976, 05Q3, 81045, 05Q4, 88472, 06Q1, 89476, 06Q2, 79467, 06Q3, 71675, 06Q4, 83122, 07Q1, 88691, 07Q2, 83769, 07Q3, 95826, 07Q4, 109749, 08Q1, 104286, 08Q2, 107346, 08Q3, 108392, 08Q4, 120859, 09Q1, 111408, 09Q2, 112423, 09Q3, 129991, 09Q4, 137453, 10Q1, 136128, 10Q2, 144239, 10Q3, 209242, 10Q4, 183498, 11Q1, 181025, 11Q2, 194277, 11Q3, 198723, 11Q4, 208655, 12Q1, 231908, 12Q2, 225258, 12Q3, 136332, 12Q4, 238616, 85, 274423, 92, 478655, 95, 393421, 97Q4, 29292, 98, 340428, 98Q1, 43607, 98Q2, 34535, 98Q3, 38609, 98Q4, 40436, 99Q1, 77096, 99Q2, 46548, 99Q3, 54421, 99Q4, 44992]<br/>
</div>
</td>
<td><div><pre>java.lang.AssertionError: SELECT fda_rel_qtr,count(*) FROM aers_demo group by fda_rel_qtr
	at com.sapphire.etl.AERS_RECORD_COUNTS.AERSCaseCountDemo(CaseCountInQtr.java:92)
	at java.util.concurrent.FutureTask$Sync.innerRun(FutureTask.java:303)
	at java.util.concurrent.FutureTask.run(FutureTask.java:138)
	at java.util.concurrent.ThreadPoolExecutor$Worker.runTask(ThreadPoolExecutor.java:886)
	at java.util.concurrent.ThreadPoolExecutor$Worker.run(ThreadPoolExecutor.java:908)
	at java.lang.Thread.run(Thread.java:662)
Caused by: java.lang.AssertionError: Collections not equal: expected: null and actual: [00Q1, 41758, 00Q2, 38529, 00Q3, 48361, 00Q4, 49215, 01Q1, 50517, 01Q2, 43476, 01Q3, 43771, 01Q4, 47308, 02Q1, 35742, 02Q2, 54494, 02Q3, 46808, 02Q4, 46984, 03Q1, 44546, 03Q2, 57414, 03Q3, 64027, 03Q4, 60280, 04Q1, 65968, 04Q2, 60198, 04Q3, 75418, 04Q4, 70704, 05Q1, 75315, 05Q2, 79976, 05Q3, 81045, 05Q4, 88472, 06Q1, 89476, 06Q2, 79467, 06Q3, 71675, 06Q4, 83122, 07Q1, 88691, 07Q2, 83769, 07Q3, 95826, 07Q4, 109749, 08Q1, 104286, 08Q2, 107346, 08Q3, 108392, 08Q4, 120859, 09Q1, 111408, 09Q2, 112423, 09Q3, 129991, 09Q4, 137453, 10Q1, 136128, 10Q2, 144239, 10Q3, 209242, 10Q4, 183498, 11Q1, 181025, 11Q2, 194277, 11Q3, 198723, 11Q4, 208655, 12Q1, 231908, 12Q2, 225258, 12Q3, 136332, 12Q4, 238616, 85, 274423, 92, 478655, 95, 393421, 97Q4, 29292, 98, 340428, 98Q1, 43607, 98Q2, 34535, 98Q3, 38609, 98Q4, 40436, 99Q1, 77096, 99Q2, 46548, 99Q3, 54421, 99Q4, 44992]
	at com.sapphire.etl.AERS_RECORD_COUNTS.AERSCaseCountDemo(CaseCountInQtr.java:81)
	... 21 more
... Removed 20 stack frames</pre></div><a href='#' onClick='toggleBox("stack-trace16825026", this, "Click to show all stack frames", "Click to hide stack frames")'>Click to show all stack frames</a>
<div class='stack-trace' id='stack-trace16825026'><pre>java.lang.AssertionError: SELECT fda_rel_qtr,count(*) FROM aers_demo group by fda_rel_qtr
	at org.testng.Assert.fail(Assert.java:83)
	at com.sapphire.etl.AERS_RECORD_COUNTS.AERSCaseCountDemo(CaseCountInQtr.java:92)
	at sun.reflect.NativeMethodAccessorImpl.invoke0(Native Method)
	at sun.reflect.NativeMethodAccessorImpl.invoke(NativeMethodAccessorImpl.java:39)
	at sun.reflect.DelegatingMethodAccessorImpl.invoke(DelegatingMethodAccessorImpl.java:25)
	at java.lang.reflect.Method.invoke(Method.java:597)
	at org.testng.internal.MethodInvocationHelper.invokeMethod(MethodInvocationHelper.java:84)
	at org.testng.internal.Invoker.invokeMethod(Invoker.java:714)
	at org.testng.internal.Invoker.invokeTestMethod(Invoker.java:901)
	at org.testng.internal.Invoker.invokeTestMethods(Invoker.java:1231)
	at org.testng.internal.TestMethodWorker.invokeTestMethods(TestMethodWorker.java:127)
	at org.testng.internal.TestMethodWorker.run(TestMethodWorker.java:111)
	at org.testng.TestRunner.privateRun(TestRunner.java:767)
	at org.testng.TestRunner.run(TestRunner.java:617)
	at org.testng.SuiteRunner.runTest(SuiteRunner.java:334)
	at org.testng.SuiteRunner.access$000(SuiteRunner.java:37)
	at org.testng.SuiteRunner$SuiteWorker.run(SuiteRunner.java:368)
	at org.testng.internal.thread.ThreadUtil$2.call(ThreadUtil.java:64)
	at java.util.concurrent.FutureTask$Sync.innerRun(FutureTask.java:303)
	at java.util.concurrent.FutureTask.run(FutureTask.java:138)
	at java.util.concurrent.ThreadPoolExecutor$Worker.runTask(ThreadPoolExecutor.java:886)
	at java.util.concurrent.ThreadPoolExecutor$Worker.run(ThreadPoolExecutor.java:908)
	at java.lang.Thread.run(Thread.java:662)
Caused by: java.lang.AssertionError: Collections not equal: expected: null and actual: [00Q1, 41758, 00Q2, 38529, 00Q3, 48361, 00Q4, 49215, 01Q1, 50517, 01Q2, 43476, 01Q3, 43771, 01Q4, 47308, 02Q1, 35742, 02Q2, 54494, 02Q3, 46808, 02Q4, 46984, 03Q1, 44546, 03Q2, 57414, 03Q3, 64027, 03Q4, 60280, 04Q1, 65968, 04Q2, 60198, 04Q3, 75418, 04Q4, 70704, 05Q1, 75315, 05Q2, 79976, 05Q3, 81045, 05Q4, 88472, 06Q1, 89476, 06Q2, 79467, 06Q3, 71675, 06Q4, 83122, 07Q1, 88691, 07Q2, 83769, 07Q3, 95826, 07Q4, 109749, 08Q1, 104286, 08Q2, 107346, 08Q3, 108392, 08Q4, 120859, 09Q1, 111408, 09Q2, 112423, 09Q3, 129991, 09Q4, 137453, 10Q1, 136128, 10Q2, 144239, 10Q3, 209242, 10Q4, 183498, 11Q1, 181025, 11Q2, 194277, 11Q3, 198723, 11Q4, 208655, 12Q1, 231908, 12Q2, 225258, 12Q3, 136332, 12Q4, 238616, 85, 274423, 92, 478655, 95, 393421, 97Q4, 29292, 98, 340428, 98Q1, 43607, 98Q2, 34535, 98Q3, 38609, 98Q4, 40436, 99Q1, 77096, 99Q2, 46548, 99Q3, 54421, 99Q4, 44992]
	at org.testng.Assert.fail(Assert.java:94)
	at org.testng.Assert.assertEquals(Assert.java:533)
	at org.testng.Assert.assertEquals(Assert.java:514)
	at com.sapphire.etl.AERS_RECORD_COUNTS.AERSCaseCountDemo(CaseCountInQtr.java:81)
	... 21 more
</pre></div></td>
<td>0</td>
<td>com.sapphire.etl.AERS_RECORD_COUNTS@15a8767</td></tr>
<tr>
<td title='com.sapphire.etl.AERS_RECORD_COUNTS.AERSCaseCounts()'><b>AERSCaseCounts</b><br>Test class: com.sapphire.etl.AERS_RECORD_COUNTS<br/>
<a href="#Output-8440521" onClick='toggleBox("Output-8440521", this, "Show output", "Hide output");'>Show output</a>

<a href="#Output-8440521" onClick="toggleAllBoxes();">Show all outputs</a>
<div class='log' id="Output-8440521">
SELECT fda_rel_qtr,count FROM aers_stats group by fda_rel_qtr<br/>
Expected : [00Q1, 42517, 00Q2, 39115, 00Q3, 48874, 00Q4, 49779, 01Q1, 51012, 01Q2, 43734, 01Q3, 44103, 01Q4, 47587, 02Q1, 36023, 02Q2, 54665, 02Q3, 46854, 02Q4, 47013, 03Q1, 44548, 03Q2, 57423, 03Q3, 64246, 03Q4, 60352, 04Q1, 65975, 04Q2, 60222, 04Q3, 75451, 04Q4, 70752, 05Q1, 76180, 05Q2, 80614, 05Q3, 81314, 05Q4, 88518, 06Q1, 89527, 06Q2, 79597, 06Q3, 71724, 06Q4, 83229, 07Q1, 88832, 07Q2, 83977, 07Q3, 96035, 07Q4, 109892, 08Q1, 104412, 08Q2, 107503, 08Q3, 108453, 08Q4, 121024, 09Q1, 111439, 09Q2, 112481, 09Q3, 130072, 09Q4, 137708, 10Q1, 136191, 10Q2, 144452, 10Q3, 209307, 10Q4, 183567, 11Q1, 181140, 11Q2, 194310, 11Q3, 198777, 11Q4, 208742, 12Q1, 231945, 12Q2, 225402, 12Q3, 136332, 12Q4, 238616, 13Q1, 223178, 85, 274450, 92, 478664, 95, 393428, 97Q4, 29929, 98, 340434, 98Q1, 44501, 98Q2, 35514, 98Q3, 39351, 98Q4, 41220, 99Q1, 77828, 99Q2, 47066, 99Q3, 54844, 99Q4, 45441]<br/>
Actual : [00Q1, 41758, 00Q2, 38529, 00Q3, 48361, 00Q4, 49215, 01Q1, 50517, 01Q2, 43476, 01Q3, 43771, 01Q4, 47308, 02Q1, 35742, 02Q2, 54494, 02Q3, 46808, 02Q4, 46984, 03Q1, 44546, 03Q2, 57414, 03Q3, 64027, 03Q4, 60280, 04Q1, 65968, 04Q2, 60198, 04Q3, 75418, 04Q4, 70704, 05Q1, 75315, 05Q2, 79976, 05Q3, 81045, 05Q4, 88472, 06Q1, 89476, 06Q2, 79467, 06Q3, 71675, 06Q4, 83122, 07Q1, 88691, 07Q2, 83769, 07Q3, 95826, 07Q4, 109749, 08Q1, 104286, 08Q2, 107346, 08Q3, 108392, 08Q4, 120859, 09Q1, 111408, 09Q2, 112423, 09Q3, 129991, 09Q4, 137453, 10Q1, 136128, 10Q2, 144239, 10Q3, 209242, 10Q4, 183498, 11Q1, 181025, 11Q2, 194277, 11Q3, 198723, 11Q4, 208655, 12Q1, 231908, 12Q2, 225258, 12Q3, 136332, 12Q4, 238616, 85, 274423, 92, 478655, 95, 393421, 97Q4, 29292, 98, 340428, 98Q1, 43607, 98Q2, 34535, 98Q3, 38609, 98Q4, 40436, 99Q1, 77096, 99Q2, 46548, 99Q3, 54421, 99Q4, 44992]<br/>
</div>
</td>
<td><div><pre>java.lang.AssertionError: SELECT fda_rel_qtr,count FROM aers_stats group by fda_rel_qtr
	at com.sapphire.etl.AERS_RECORD_COUNTS.AERSCaseCounts(CaseCountInQtr.java:50)
	at java.util.concurrent.FutureTask$Sync.innerRun(FutureTask.java:303)
	at java.util.concurrent.FutureTask.run(FutureTask.java:138)
	at java.util.concurrent.ThreadPoolExecutor$Worker.runTask(ThreadPoolExecutor.java:886)
	at java.util.concurrent.ThreadPoolExecutor$Worker.run(ThreadPoolExecutor.java:908)
	at java.lang.Thread.run(Thread.java:662)
Caused by: java.lang.AssertionError: null: lists don&apos;t have the same size expected [132] but found [130]
	at com.sapphire.etl.AERS_RECORD_COUNTS.AERSCaseCounts(CaseCountInQtr.java:43)
	... 21 more
... Removed 23 stack frames</pre></div><a href='#' onClick='toggleBox("stack-trace8440521", this, "Click to show all stack frames", "Click to hide stack frames")'>Click to show all stack frames</a>
<div class='stack-trace' id='stack-trace8440521'><pre>java.lang.AssertionError: SELECT fda_rel_qtr,count FROM aers_stats group by fda_rel_qtr
	at org.testng.Assert.fail(Assert.java:83)
	at com.sapphire.etl.AERS_RECORD_COUNTS.AERSCaseCounts(CaseCountInQtr.java:50)
	at sun.reflect.NativeMethodAccessorImpl.invoke0(Native Method)
	at sun.reflect.NativeMethodAccessorImpl.invoke(NativeMethodAccessorImpl.java:39)
	at sun.reflect.DelegatingMethodAccessorImpl.invoke(DelegatingMethodAccessorImpl.java:25)
	at java.lang.reflect.Method.invoke(Method.java:597)
	at org.testng.internal.MethodInvocationHelper.invokeMethod(MethodInvocationHelper.java:84)
	at org.testng.internal.Invoker.invokeMethod(Invoker.java:714)
	at org.testng.internal.Invoker.invokeTestMethod(Invoker.java:901)
	at org.testng.internal.Invoker.invokeTestMethods(Invoker.java:1231)
	at org.testng.internal.TestMethodWorker.invokeTestMethods(TestMethodWorker.java:127)
	at org.testng.internal.TestMethodWorker.run(TestMethodWorker.java:111)
	at org.testng.TestRunner.privateRun(TestRunner.java:767)
	at org.testng.TestRunner.run(TestRunner.java:617)
	at org.testng.SuiteRunner.runTest(SuiteRunner.java:334)
	at org.testng.SuiteRunner.access$000(SuiteRunner.java:37)
	at org.testng.SuiteRunner$SuiteWorker.run(SuiteRunner.java:368)
	at org.testng.internal.thread.ThreadUtil$2.call(ThreadUtil.java:64)
	at java.util.concurrent.FutureTask$Sync.innerRun(FutureTask.java:303)
	at java.util.concurrent.FutureTask.run(FutureTask.java:138)
	at java.util.concurrent.ThreadPoolExecutor$Worker.runTask(ThreadPoolExecutor.java:886)
	at java.util.concurrent.ThreadPoolExecutor$Worker.run(ThreadPoolExecutor.java:908)
	at java.lang.Thread.run(Thread.java:662)
Caused by: java.lang.AssertionError: null: lists don&apos;t have the same size expected [132] but found [130]
	at org.testng.Assert.fail(Assert.java:94)
	at org.testng.Assert.failNotEquals(Assert.java:494)
	at org.testng.Assert.assertEquals(Assert.java:123)
	at org.testng.Assert.assertEquals(Assert.java:370)
	at org.testng.Assert.assertEquals(Assert.java:537)
	at org.testng.Assert.assertEquals(Assert.java:514)
	at com.sapphire.etl.AERS_RECORD_COUNTS.AERSCaseCounts(CaseCountInQtr.java:43)
	... 21 more
</pre></div></td>
<td>0</td>
<td>com.sapphire.etl.AERS_RECORD_COUNTS@15a8767</td></tr>
<tr>
<td title='com.sapphire.etl.AERS_DEMO.demoCaseAgeCode()'><b>demoCaseAgeCode</b><br>Test class: com.sapphire.etl.AERS_DEMO<br/>
<a href="#Output-9949215" onClick='toggleBox("Output-9949215", this, "Show output", "Hide output");'>Show output</a>

<a href="#Output-9949215" onClick="toggleAllBoxes();">Show all outputs</a>
<div class='log' id="Output-9949215">
SELECT distinct age_code FROM aers_demo<br/>
Expected : [YR, MON, WK, DY, HR, DEC, MIN, SEC, '']<br/>
Actual : [YR,  , MON, WK, DY, HR, DEC, M, F, 64, SEC, MIN, 85]<br/>
</div>
</td>
<td><div><pre>java.lang.AssertionError: SELECT distinct age_code FROM aers_demo
	at com.sapphire.etl.AERS_DEMO.demoCaseAgeCode(AERSDemoVerify.java:347)
	at java.util.concurrent.FutureTask$Sync.innerRun(FutureTask.java:303)
	at java.util.concurrent.FutureTask.run(FutureTask.java:138)
	at java.util.concurrent.ThreadPoolExecutor$Worker.runTask(ThreadPoolExecutor.java:886)
	at java.util.concurrent.ThreadPoolExecutor$Worker.run(ThreadPoolExecutor.java:908)
	at java.lang.Thread.run(Thread.java:662)
Caused by: java.lang.AssertionError: null: lists don&apos;t have the same size expected [9] but found [13]
	at com.sapphire.etl.AERS_DEMO.demoCaseAgeCode(AERSDemoVerify.java:338)
	... 21 more
... Removed 23 stack frames</pre></div><a href='#' onClick='toggleBox("stack-trace9949215", this, "Click to show all stack frames", "Click to hide stack frames")'>Click to show all stack frames</a>
<div class='stack-trace' id='stack-trace9949215'><pre>java.lang.AssertionError: SELECT distinct age_code FROM aers_demo
	at org.testng.Assert.fail(Assert.java:83)
	at com.sapphire.etl.AERS_DEMO.demoCaseAgeCode(AERSDemoVerify.java:347)
	at sun.reflect.NativeMethodAccessorImpl.invoke0(Native Method)
	at sun.reflect.NativeMethodAccessorImpl.invoke(NativeMethodAccessorImpl.java:39)
	at sun.reflect.DelegatingMethodAccessorImpl.invoke(DelegatingMethodAccessorImpl.java:25)
	at java.lang.reflect.Method.invoke(Method.java:597)
	at org.testng.internal.MethodInvocationHelper.invokeMethod(MethodInvocationHelper.java:84)
	at org.testng.internal.Invoker.invokeMethod(Invoker.java:714)
	at org.testng.internal.Invoker.invokeTestMethod(Invoker.java:901)
	at org.testng.internal.Invoker.invokeTestMethods(Invoker.java:1231)
	at org.testng.internal.TestMethodWorker.invokeTestMethods(TestMethodWorker.java:127)
	at org.testng.internal.TestMethodWorker.run(TestMethodWorker.java:111)
	at org.testng.TestRunner.privateRun(TestRunner.java:767)
	at org.testng.TestRunner.run(TestRunner.java:617)
	at org.testng.SuiteRunner.runTest(SuiteRunner.java:334)
	at org.testng.SuiteRunner.access$000(SuiteRunner.java:37)
	at org.testng.SuiteRunner$SuiteWorker.run(SuiteRunner.java:368)
	at org.testng.internal.thread.ThreadUtil$2.call(ThreadUtil.java:64)
	at java.util.concurrent.FutureTask$Sync.innerRun(FutureTask.java:303)
	at java.util.concurrent.FutureTask.run(FutureTask.java:138)
	at java.util.concurrent.ThreadPoolExecutor$Worker.runTask(ThreadPoolExecutor.java:886)
	at java.util.concurrent.ThreadPoolExecutor$Worker.run(ThreadPoolExecutor.java:908)
	at java.lang.Thread.run(Thread.java:662)
Caused by: java.lang.AssertionError: null: lists don&apos;t have the same size expected [9] but found [13]
	at org.testng.Assert.fail(Assert.java:94)
	at org.testng.Assert.failNotEquals(Assert.java:494)
	at org.testng.Assert.assertEquals(Assert.java:123)
	at org.testng.Assert.assertEquals(Assert.java:370)
	at org.testng.Assert.assertEquals(Assert.java:537)
	at org.testng.Assert.assertEquals(Assert.java:514)
	at com.sapphire.etl.AERS_DEMO.demoCaseAgeCode(AERSDemoVerify.java:338)
	... 21 more
</pre></div></td>
<td>0</td>
<td>com.sapphire.etl.AERS_DEMO@1dff3a2</td></tr>
<tr>
<td title='com.sapphire.etl.AERS_DEMO.demoCaseAgeGroup()'><b>demoCaseAgeGroup</b><br>Test class: com.sapphire.etl.AERS_DEMO<br/>
<a href="#Output-22316618" onClick='toggleBox("Output-22316618", this, "Show output", "Hide output");'>Show output</a>

<a href="#Output-22316618" onClick="toggleAllBoxes();">Show all outputs</a>
<div class='log' id="Output-22316618">
SELECT count(*) FROM aers_demo where std_age_group = 'Not Available' AND age != '' AND age_code != '' AND age not like ('%-%') AND age not like ('%.%') AND age != 0 AND age != 00<br/>
Expected : [0]<br/>
Actual : [631]<br/>
</div>
</td>
<td><div><pre>java.lang.AssertionError: SELECT count(*) FROM aers_demo where std_age_group = &apos;Not Available&apos; AND age != &apos;&apos; AND age_code != &apos;&apos; AND age not like (&apos;%-%&apos;) AND age not like (&apos;%.%&apos;) AND age != 0 AND age != 00
	at com.sapphire.etl.AERS_DEMO.demoCaseAgeGroup(AERSDemoVerify.java:388)
	at java.util.concurrent.FutureTask$Sync.innerRun(FutureTask.java:303)
	at java.util.concurrent.FutureTask.run(FutureTask.java:138)
	at java.util.concurrent.ThreadPoolExecutor$Worker.runTask(ThreadPoolExecutor.java:886)
	at java.util.concurrent.ThreadPoolExecutor$Worker.run(ThreadPoolExecutor.java:908)
	at java.lang.Thread.run(Thread.java:662)
Caused by: java.lang.AssertionError: Lists differ at element [0]: 0 != 631 expected [0] but found [631]
	at com.sapphire.etl.AERS_DEMO.demoCaseAgeGroup(AERSDemoVerify.java:379)
	... 21 more
... Removed 22 stack frames</pre></div><a href='#' onClick='toggleBox("stack-trace22316618", this, "Click to show all stack frames", "Click to hide stack frames")'>Click to show all stack frames</a>
<div class='stack-trace' id='stack-trace22316618'><pre>java.lang.AssertionError: SELECT count(*) FROM aers_demo where std_age_group = &apos;Not Available&apos; AND age != &apos;&apos; AND age_code != &apos;&apos; AND age not like (&apos;%-%&apos;) AND age not like (&apos;%.%&apos;) AND age != 0 AND age != 00
	at org.testng.Assert.fail(Assert.java:83)
	at com.sapphire.etl.AERS_DEMO.demoCaseAgeGroup(AERSDemoVerify.java:388)
	at sun.reflect.NativeMethodAccessorImpl.invoke0(Native Method)
	at sun.reflect.NativeMethodAccessorImpl.invoke(NativeMethodAccessorImpl.java:39)
	at sun.reflect.DelegatingMethodAccessorImpl.invoke(DelegatingMethodAccessorImpl.java:25)
	at java.lang.reflect.Method.invoke(Method.java:597)
	at org.testng.internal.MethodInvocationHelper.invokeMethod(MethodInvocationHelper.java:84)
	at org.testng.internal.Invoker.invokeMethod(Invoker.java:714)
	at org.testng.internal.Invoker.invokeTestMethod(Invoker.java:901)
	at org.testng.internal.Invoker.invokeTestMethods(Invoker.java:1231)
	at org.testng.internal.TestMethodWorker.invokeTestMethods(TestMethodWorker.java:127)
	at org.testng.internal.TestMethodWorker.run(TestMethodWorker.java:111)
	at org.testng.TestRunner.privateRun(TestRunner.java:767)
	at org.testng.TestRunner.run(TestRunner.java:617)
	at org.testng.SuiteRunner.runTest(SuiteRunner.java:334)
	at org.testng.SuiteRunner.access$000(SuiteRunner.java:37)
	at org.testng.SuiteRunner$SuiteWorker.run(SuiteRunner.java:368)
	at org.testng.internal.thread.ThreadUtil$2.call(ThreadUtil.java:64)
	at java.util.concurrent.FutureTask$Sync.innerRun(FutureTask.java:303)
	at java.util.concurrent.FutureTask.run(FutureTask.java:138)
	at java.util.concurrent.ThreadPoolExecutor$Worker.runTask(ThreadPoolExecutor.java:886)
	at java.util.concurrent.ThreadPoolExecutor$Worker.run(ThreadPoolExecutor.java:908)
	at java.lang.Thread.run(Thread.java:662)
Caused by: java.lang.AssertionError: Lists differ at element [0]: 0 != 631 expected [0] but found [631]
	at org.testng.Assert.fail(Assert.java:94)
	at org.testng.Assert.failNotEquals(Assert.java:494)
	at org.testng.Assert.assertEquals(Assert.java:123)
	at org.testng.Assert.assertEquals(Assert.java:549)
	at org.testng.Assert.assertEquals(Assert.java:514)
	at com.sapphire.etl.AERS_DEMO.demoCaseAgeGroup(AERSDemoVerify.java:379)
	... 21 more
</pre></div></td>
<td>4</td>
<td>com.sapphire.etl.AERS_DEMO@1dff3a2</td></tr>
<tr>
<td title='com.sapphire.etl.AERS_DEMO.demoCaseGenderCode()'><b>demoCaseGenderCode</b><br>Test class: com.sapphire.etl.AERS_DEMO<br/>
<a href="#Output-24061351" onClick='toggleBox("Output-24061351", this, "Show output", "Hide output");'>Show output</a>

<a href="#Output-24061351" onClick="toggleAllBoxes();">Show all outputs</a>
<div class='log' id="Output-24061351">
SELECT distinct gender_code FROM aers_demo<br/>
Expected : [F, M, UNK, NS, U, '']<br/>
Actual : [F,  , M, UNK, NS, null, YR, N, Y, U]<br/>
</div>
</td>
<td><div><pre>java.lang.AssertionError: SELECT distinct gender_code FROM aers_demo
	at com.sapphire.etl.AERS_DEMO.demoCaseGenderCode(AERSDemoVerify.java:217)
	at java.util.concurrent.FutureTask$Sync.innerRun(FutureTask.java:303)
	at java.util.concurrent.FutureTask.run(FutureTask.java:138)
	at java.util.concurrent.ThreadPoolExecutor$Worker.runTask(ThreadPoolExecutor.java:886)
	at java.util.concurrent.ThreadPoolExecutor$Worker.run(ThreadPoolExecutor.java:908)
	at java.lang.Thread.run(Thread.java:662)
Caused by: java.lang.AssertionError: null: lists don&apos;t have the same size expected [6] but found [10]
	at com.sapphire.etl.AERS_DEMO.demoCaseGenderCode(AERSDemoVerify.java:208)
	... 21 more
... Removed 23 stack frames</pre></div><a href='#' onClick='toggleBox("stack-trace24061351", this, "Click to show all stack frames", "Click to hide stack frames")'>Click to show all stack frames</a>
<div class='stack-trace' id='stack-trace24061351'><pre>java.lang.AssertionError: SELECT distinct gender_code FROM aers_demo
	at org.testng.Assert.fail(Assert.java:83)
	at com.sapphire.etl.AERS_DEMO.demoCaseGenderCode(AERSDemoVerify.java:217)
	at sun.reflect.NativeMethodAccessorImpl.invoke0(Native Method)
	at sun.reflect.NativeMethodAccessorImpl.invoke(NativeMethodAccessorImpl.java:39)
	at sun.reflect.DelegatingMethodAccessorImpl.invoke(DelegatingMethodAccessorImpl.java:25)
	at java.lang.reflect.Method.invoke(Method.java:597)
	at org.testng.internal.MethodInvocationHelper.invokeMethod(MethodInvocationHelper.java:84)
	at org.testng.internal.Invoker.invokeMethod(Invoker.java:714)
	at org.testng.internal.Invoker.invokeTestMethod(Invoker.java:901)
	at org.testng.internal.Invoker.invokeTestMethods(Invoker.java:1231)
	at org.testng.internal.TestMethodWorker.invokeTestMethods(TestMethodWorker.java:127)
	at org.testng.internal.TestMethodWorker.run(TestMethodWorker.java:111)
	at org.testng.TestRunner.privateRun(TestRunner.java:767)
	at org.testng.TestRunner.run(TestRunner.java:617)
	at org.testng.SuiteRunner.runTest(SuiteRunner.java:334)
	at org.testng.SuiteRunner.access$000(SuiteRunner.java:37)
	at org.testng.SuiteRunner$SuiteWorker.run(SuiteRunner.java:368)
	at org.testng.internal.thread.ThreadUtil$2.call(ThreadUtil.java:64)
	at java.util.concurrent.FutureTask$Sync.innerRun(FutureTask.java:303)
	at java.util.concurrent.FutureTask.run(FutureTask.java:138)
	at java.util.concurrent.ThreadPoolExecutor$Worker.runTask(ThreadPoolExecutor.java:886)
	at java.util.concurrent.ThreadPoolExecutor$Worker.run(ThreadPoolExecutor.java:908)
	at java.lang.Thread.run(Thread.java:662)
Caused by: java.lang.AssertionError: null: lists don&apos;t have the same size expected [6] but found [10]
	at org.testng.Assert.fail(Assert.java:94)
	at org.testng.Assert.failNotEquals(Assert.java:494)
	at org.testng.Assert.assertEquals(Assert.java:123)
	at org.testng.Assert.assertEquals(Assert.java:370)
	at org.testng.Assert.assertEquals(Assert.java:537)
	at org.testng.Assert.assertEquals(Assert.java:514)
	at com.sapphire.etl.AERS_DEMO.demoCaseGenderCode(AERSDemoVerify.java:208)
	... 21 more
</pre></div></td>
<td>0</td>
<td>com.sapphire.etl.AERS_DEMO@1dff3a2</td></tr>
<tr>
<td title='com.sapphire.etl.AERS_DEMO.demoCaseValidTo()'><b>demoCaseValidTo</b><br>Test class: com.sapphire.etl.AERS_DEMO<br/>
<a href="#Output-29422309" onClick='toggleBox("Output-29422309", this, "Show output", "Hide output");'>Show output</a>

<a href="#Output-29422309" onClick="toggleAllBoxes();">Show all outputs</a>
<div class='log' id="Output-29422309">
SELECT count(*) FROM aers_demo where valid_to is null<br/>
Expected : [0]<br/>
Actual : [13]<br/>
</div>
</td>
<td><div><pre>java.lang.AssertionError: SELECT count(*) FROM aers_demo where valid_to is null
	at com.sapphire.etl.AERS_DEMO.demoCaseValidTo(AERSDemoVerify.java:92)
	at java.util.concurrent.FutureTask$Sync.innerRun(FutureTask.java:303)
	at java.util.concurrent.FutureTask.run(FutureTask.java:138)
	at java.util.concurrent.ThreadPoolExecutor$Worker.runTask(ThreadPoolExecutor.java:886)
	at java.util.concurrent.ThreadPoolExecutor$Worker.run(ThreadPoolExecutor.java:908)
	at java.lang.Thread.run(Thread.java:662)
Caused by: java.lang.AssertionError: Lists differ at element [0]: 0 != 13 expected [0] but found [13]
	at com.sapphire.etl.AERS_DEMO.demoCaseValidTo(AERSDemoVerify.java:83)
	... 21 more
... Removed 22 stack frames</pre></div><a href='#' onClick='toggleBox("stack-trace29422309", this, "Click to show all stack frames", "Click to hide stack frames")'>Click to show all stack frames</a>
<div class='stack-trace' id='stack-trace29422309'><pre>java.lang.AssertionError: SELECT count(*) FROM aers_demo where valid_to is null
	at org.testng.Assert.fail(Assert.java:83)
	at com.sapphire.etl.AERS_DEMO.demoCaseValidTo(AERSDemoVerify.java:92)
	at sun.reflect.NativeMethodAccessorImpl.invoke0(Native Method)
	at sun.reflect.NativeMethodAccessorImpl.invoke(NativeMethodAccessorImpl.java:39)
	at sun.reflect.DelegatingMethodAccessorImpl.invoke(DelegatingMethodAccessorImpl.java:25)
	at java.lang.reflect.Method.invoke(Method.java:597)
	at org.testng.internal.MethodInvocationHelper.invokeMethod(MethodInvocationHelper.java:84)
	at org.testng.internal.Invoker.invokeMethod(Invoker.java:714)
	at org.testng.internal.Invoker.invokeTestMethod(Invoker.java:901)
	at org.testng.internal.Invoker.invokeTestMethods(Invoker.java:1231)
	at org.testng.internal.TestMethodWorker.invokeTestMethods(TestMethodWorker.java:127)
	at org.testng.internal.TestMethodWorker.run(TestMethodWorker.java:111)
	at org.testng.TestRunner.privateRun(TestRunner.java:767)
	at org.testng.TestRunner.run(TestRunner.java:617)
	at org.testng.SuiteRunner.runTest(SuiteRunner.java:334)
	at org.testng.SuiteRunner.access$000(SuiteRunner.java:37)
	at org.testng.SuiteRunner$SuiteWorker.run(SuiteRunner.java:368)
	at org.testng.internal.thread.ThreadUtil$2.call(ThreadUtil.java:64)
	at java.util.concurrent.FutureTask$Sync.innerRun(FutureTask.java:303)
	at java.util.concurrent.FutureTask.run(FutureTask.java:138)
	at java.util.concurrent.ThreadPoolExecutor$Worker.runTask(ThreadPoolExecutor.java:886)
	at java.util.concurrent.ThreadPoolExecutor$Worker.run(ThreadPoolExecutor.java:908)
	at java.lang.Thread.run(Thread.java:662)
Caused by: java.lang.AssertionError: Lists differ at element [0]: 0 != 13 expected [0] but found [13]
	at org.testng.Assert.fail(Assert.java:94)
	at org.testng.Assert.failNotEquals(Assert.java:494)
	at org.testng.Assert.assertEquals(Assert.java:123)
	at org.testng.Assert.assertEquals(Assert.java:549)
	at org.testng.Assert.assertEquals(Assert.java:514)
	at com.sapphire.etl.AERS_DEMO.demoCaseValidTo(AERSDemoVerify.java:83)
	... 21 more
</pre></div></td>
<td>0</td>
<td>com.sapphire.etl.AERS_DEMO@1dff3a2</td></tr>
<tr>
<td title='com.sapphire.etl.AERS_DRUGS.drugCleaned_GenericName()'><b>drugCleaned_GenericName</b><br>Test class: com.sapphire.etl.AERS_DRUGS<br/>
<a href="#Output-19764978" onClick='toggleBox("Output-19764978", this, "Show output", "Hide output");'>Show output</a>

<a href="#Output-19764978" onClick="toggleAllBoxes();">Show all outputs</a>
<div class='log' id="Output-19764978">
If drug is cleaned ,generic name should not be null<br/>
Expected : [0]<br/>
Actual : [17288]<br/>
</div>
</td>
<td><div><pre>java.lang.AssertionError: SELECT count(*) FROM aers.aers_drugs where drug_cleaned is not null and generic_name is null or generic_name=&apos;&apos;
	at com.sapphire.etl.AERS_DRUGS.drugCleaned_GenericName(AERSDrugVerify.java:139)
	at java.util.concurrent.FutureTask$Sync.innerRun(FutureTask.java:303)
	at java.util.concurrent.FutureTask.run(FutureTask.java:138)
	at java.util.concurrent.ThreadPoolExecutor$Worker.runTask(ThreadPoolExecutor.java:886)
	at java.util.concurrent.ThreadPoolExecutor$Worker.run(ThreadPoolExecutor.java:908)
	at java.lang.Thread.run(Thread.java:662)
... Removed 17 stack frames</pre></div><a href='#' onClick='toggleBox("stack-trace19764978", this, "Click to show all stack frames", "Click to hide stack frames")'>Click to show all stack frames</a>
<div class='stack-trace' id='stack-trace19764978'><pre>java.lang.AssertionError: SELECT count(*) FROM aers.aers_drugs where drug_cleaned is not null and generic_name is null or generic_name=&apos;&apos;
	at org.testng.Assert.fail(Assert.java:94)
	at com.sapphire.etl.AERS_DRUGS.drugCleaned_GenericName(AERSDrugVerify.java:139)
	at sun.reflect.NativeMethodAccessorImpl.invoke0(Native Method)
	at sun.reflect.NativeMethodAccessorImpl.invoke(NativeMethodAccessorImpl.java:39)
	at sun.reflect.DelegatingMethodAccessorImpl.invoke(DelegatingMethodAccessorImpl.java:25)
	at java.lang.reflect.Method.invoke(Method.java:597)
	at org.testng.internal.MethodInvocationHelper.invokeMethod(MethodInvocationHelper.java:84)
	at org.testng.internal.Invoker.invokeMethod(Invoker.java:714)
	at org.testng.internal.Invoker.invokeTestMethod(Invoker.java:901)
	at org.testng.internal.Invoker.invokeTestMethods(Invoker.java:1231)
	at org.testng.internal.TestMethodWorker.invokeTestMethods(TestMethodWorker.java:127)
	at org.testng.internal.TestMethodWorker.run(TestMethodWorker.java:111)
	at org.testng.TestRunner.privateRun(TestRunner.java:767)
	at org.testng.TestRunner.run(TestRunner.java:617)
	at org.testng.SuiteRunner.runTest(SuiteRunner.java:334)
	at org.testng.SuiteRunner.access$000(SuiteRunner.java:37)
	at org.testng.SuiteRunner$SuiteWorker.run(SuiteRunner.java:368)
	at org.testng.internal.thread.ThreadUtil$2.call(ThreadUtil.java:64)
	at java.util.concurrent.FutureTask$Sync.innerRun(FutureTask.java:303)
	at java.util.concurrent.FutureTask.run(FutureTask.java:138)
	at java.util.concurrent.ThreadPoolExecutor$Worker.runTask(ThreadPoolExecutor.java:886)
	at java.util.concurrent.ThreadPoolExecutor$Worker.run(ThreadPoolExecutor.java:908)
	at java.lang.Thread.run(Thread.java:662)
</pre></div></td>
<td>0</td>
<td>com.sapphire.etl.AERS_DRUGS@15ee671</td></tr>
<tr>
<td title='com.sapphire.etl.AERS_DRUGS.drugCleaned_Null()'><b>drugCleaned_Null</b><br>Test class: com.sapphire.etl.AERS_DRUGS<br/>
<a href="#Output-31020178" onClick='toggleBox("Output-31020178", this, "Show output", "Hide output");'>Show output</a>

<a href="#Output-31020178" onClick="toggleAllBoxes();">Show all outputs</a>
<div class='log' id="Output-31020178">
Drug cleaned value is null<br/>
Expected : [0]<br/>
Actual : [1960]<br/>
</div>
</td>
<td><div><pre>java.lang.AssertionError: SELECT count(*) FROM aers.aers_drugs where drug_cleaned is null
	at com.sapphire.etl.AERS_DRUGS.drugCleaned_Null(AERSDrugVerify.java:179)
	at java.util.concurrent.FutureTask$Sync.innerRun(FutureTask.java:303)
	at java.util.concurrent.FutureTask.run(FutureTask.java:138)
	at java.util.concurrent.ThreadPoolExecutor$Worker.runTask(ThreadPoolExecutor.java:886)
	at java.util.concurrent.ThreadPoolExecutor$Worker.run(ThreadPoolExecutor.java:908)
	at java.lang.Thread.run(Thread.java:662)
Caused by: java.lang.AssertionError: Lists differ at element [0]: 0 != 1960 expected [0] but found [1960]
	at com.sapphire.etl.AERS_DRUGS.drugCleaned_Null(AERSDrugVerify.java:169)
	... 21 more
... Removed 22 stack frames</pre></div><a href='#' onClick='toggleBox("stack-trace31020178", this, "Click to show all stack frames", "Click to hide stack frames")'>Click to show all stack frames</a>
<div class='stack-trace' id='stack-trace31020178'><pre>java.lang.AssertionError: SELECT count(*) FROM aers.aers_drugs where drug_cleaned is null
	at org.testng.Assert.fail(Assert.java:83)
	at com.sapphire.etl.AERS_DRUGS.drugCleaned_Null(AERSDrugVerify.java:179)
	at sun.reflect.NativeMethodAccessorImpl.invoke0(Native Method)
	at sun.reflect.NativeMethodAccessorImpl.invoke(NativeMethodAccessorImpl.java:39)
	at sun.reflect.DelegatingMethodAccessorImpl.invoke(DelegatingMethodAccessorImpl.java:25)
	at java.lang.reflect.Method.invoke(Method.java:597)
	at org.testng.internal.MethodInvocationHelper.invokeMethod(MethodInvocationHelper.java:84)
	at org.testng.internal.Invoker.invokeMethod(Invoker.java:714)
	at org.testng.internal.Invoker.invokeTestMethod(Invoker.java:901)
	at org.testng.internal.Invoker.invokeTestMethods(Invoker.java:1231)
	at org.testng.internal.TestMethodWorker.invokeTestMethods(TestMethodWorker.java:127)
	at org.testng.internal.TestMethodWorker.run(TestMethodWorker.java:111)
	at org.testng.TestRunner.privateRun(TestRunner.java:767)
	at org.testng.TestRunner.run(TestRunner.java:617)
	at org.testng.SuiteRunner.runTest(SuiteRunner.java:334)
	at org.testng.SuiteRunner.access$000(SuiteRunner.java:37)
	at org.testng.SuiteRunner$SuiteWorker.run(SuiteRunner.java:368)
	at org.testng.internal.thread.ThreadUtil$2.call(ThreadUtil.java:64)
	at java.util.concurrent.FutureTask$Sync.innerRun(FutureTask.java:303)
	at java.util.concurrent.FutureTask.run(FutureTask.java:138)
	at java.util.concurrent.ThreadPoolExecutor$Worker.runTask(ThreadPoolExecutor.java:886)
	at java.util.concurrent.ThreadPoolExecutor$Worker.run(ThreadPoolExecutor.java:908)
	at java.lang.Thread.run(Thread.java:662)
Caused by: java.lang.AssertionError: Lists differ at element [0]: 0 != 1960 expected [0] but found [1960]
	at org.testng.Assert.fail(Assert.java:94)
	at org.testng.Assert.failNotEquals(Assert.java:494)
	at org.testng.Assert.assertEquals(Assert.java:123)
	at org.testng.Assert.assertEquals(Assert.java:549)
	at org.testng.Assert.assertEquals(Assert.java:514)
	at com.sapphire.etl.AERS_DRUGS.drugCleaned_Null(AERSDrugVerify.java:169)
	... 21 more
</pre></div></td>
<td>0</td>
<td>com.sapphire.etl.AERS_DRUGS@15ee671</td></tr>
<tr>
<td title='com.sapphire.etl.AERS_REACTIONS.reactionVBM()'><b>reactionVBM</b><br>Test class: com.sapphire.etl.AERS_REACTIONS<br/>
<a href="#Output-26750913" onClick='toggleBox("Output-26750913", this, "Show output", "Hide output");'>Show output</a>

<a href="#Output-26750913" onClick="toggleAllBoxes();">Show all outputs</a>
<div class='log' id="Output-26750913">
select count(distinct reaction_vbm) from aers.aers_reactions where pt_name is null<br/>
Expected : [0]<br/>
Actual : [41]<br/>
</div>
</td>
<td><div><pre>java.lang.AssertionError: select count(distinct reaction_vbm) from aers.aers_reactions where pt_name is null
	at com.sapphire.etl.AERS_REACTIONS.reactionVBM(AERSReactionVerify.java:54)
	at java.util.concurrent.FutureTask$Sync.innerRun(FutureTask.java:303)
	at java.util.concurrent.FutureTask.run(FutureTask.java:138)
	at java.util.concurrent.ThreadPoolExecutor$Worker.runTask(ThreadPoolExecutor.java:886)
	at java.util.concurrent.ThreadPoolExecutor$Worker.run(ThreadPoolExecutor.java:908)
	at java.lang.Thread.run(Thread.java:662)
Caused by: java.lang.AssertionError: Lists differ at element [0]: 0 != 41 expected [0] but found [41]
	at com.sapphire.etl.AERS_REACTIONS.reactionVBM(AERSReactionVerify.java:45)
	... 21 more
... Removed 22 stack frames</pre></div><a href='#' onClick='toggleBox("stack-trace26750913", this, "Click to show all stack frames", "Click to hide stack frames")'>Click to show all stack frames</a>
<div class='stack-trace' id='stack-trace26750913'><pre>java.lang.AssertionError: select count(distinct reaction_vbm) from aers.aers_reactions where pt_name is null
	at org.testng.Assert.fail(Assert.java:83)
	at com.sapphire.etl.AERS_REACTIONS.reactionVBM(AERSReactionVerify.java:54)
	at sun.reflect.NativeMethodAccessorImpl.invoke0(Native Method)
	at sun.reflect.NativeMethodAccessorImpl.invoke(NativeMethodAccessorImpl.java:39)
	at sun.reflect.DelegatingMethodAccessorImpl.invoke(DelegatingMethodAccessorImpl.java:25)
	at java.lang.reflect.Method.invoke(Method.java:597)
	at org.testng.internal.MethodInvocationHelper.invokeMethod(MethodInvocationHelper.java:84)
	at org.testng.internal.Invoker.invokeMethod(Invoker.java:714)
	at org.testng.internal.Invoker.invokeTestMethod(Invoker.java:901)
	at org.testng.internal.Invoker.invokeTestMethods(Invoker.java:1231)
	at org.testng.internal.TestMethodWorker.invokeTestMethods(TestMethodWorker.java:127)
	at org.testng.internal.TestMethodWorker.run(TestMethodWorker.java:111)
	at org.testng.TestRunner.privateRun(TestRunner.java:767)
	at org.testng.TestRunner.run(TestRunner.java:617)
	at org.testng.SuiteRunner.runTest(SuiteRunner.java:334)
	at org.testng.SuiteRunner.access$000(SuiteRunner.java:37)
	at org.testng.SuiteRunner$SuiteWorker.run(SuiteRunner.java:368)
	at org.testng.internal.thread.ThreadUtil$2.call(ThreadUtil.java:64)
	at java.util.concurrent.FutureTask$Sync.innerRun(FutureTask.java:303)
	at java.util.concurrent.FutureTask.run(FutureTask.java:138)
	at java.util.concurrent.ThreadPoolExecutor$Worker.runTask(ThreadPoolExecutor.java:886)
	at java.util.concurrent.ThreadPoolExecutor$Worker.run(ThreadPoolExecutor.java:908)
	at java.lang.Thread.run(Thread.java:662)
Caused by: java.lang.AssertionError: Lists differ at element [0]: 0 != 41 expected [0] but found [41]
	at org.testng.Assert.fail(Assert.java:94)
	at org.testng.Assert.failNotEquals(Assert.java:494)
	at org.testng.Assert.assertEquals(Assert.java:123)
	at org.testng.Assert.assertEquals(Assert.java:549)
	at org.testng.Assert.assertEquals(Assert.java:514)
	at com.sapphire.etl.AERS_REACTIONS.reactionVBM(AERSReactionVerify.java:45)
	... 21 more
</pre></div></td>
<td>0</td>
<td>com.sapphire.etl.AERS_REACTIONS@e5b723</td></tr>
</table><p>
<table width='100%' border='1' class='invocation-passed'>
<tr><td colspan='4' align='center'><b>PASSED TESTS</b></td></tr>
<tr><td><b>Test method</b></td>
<td width="30%"><b>Exception</b></td>
<td width="10%"><b>Time (seconds)</b></td>
<td><b>Instance</b></td>
</tr>
<tr>
<td title='com.sapphire.etl.AERS_DEMO.demoCASE_ID()'><b>demoCASE_ID</b><br>Test class: com.sapphire.etl.AERS_DEMO<br/>
<a href="#Output-3307594" onClick='toggleBox("Output-3307594", this, "Show output", "Hide output");'>Show output</a>

<a href="#Output-3307594" onClick="toggleAllBoxes();">Show all outputs</a>
<div class='log' id="Output-3307594">
SELECT count(*) FROM aers_demo where case_id is null<br/>
Expected : [0]<br/>
Actual : [0]<br/>
</div>
</td>
<td></td>
<td>0</td>
<td>com.sapphire.etl.AERS_DEMO@1dff3a2</td></tr>
<tr>
<td title='com.sapphire.etl.AERS_DEMO.demoCaseGender()'><b>demoCaseGender</b><br>Test class: com.sapphire.etl.AERS_DEMO<br/>
<a href="#Output-29752800" onClick='toggleBox("Output-29752800", this, "Show output", "Hide output");'>Show output</a>

<a href="#Output-29752800" onClick="toggleAllBoxes();">Show all outputs</a>
<div class='log' id="Output-29752800">
SELECT distinct gender_dec FROM aers_demo<br/>
Expected : [FEMALE, MALE, Not Provided, NOT SPECIFIED, UNKNOWN]<br/>
Actual : [FEMALE, MALE, Not Provided, NOT SPECIFIED, UNKNOWN]<br/>
</div>
</td>
<td></td>
<td>0</td>
<td>com.sapphire.etl.AERS_DEMO@1dff3a2</td></tr>
<tr>
<td title='com.sapphire.etl.AERS_DEMO.demoCaseSeriousness()'><b>demoCaseSeriousness</b><br>Test class: com.sapphire.etl.AERS_DEMO<br/>
<a href="#Output-27692793" onClick='toggleBox("Output-27692793", this, "Show output", "Hide output");'>Show output</a>

<a href="#Output-27692793" onClick="toggleAllBoxes();">Show all outputs</a>
<div class='log' id="Output-27692793">
SELECT count(*) FROM aers_demo where seriousness = 1 and ( outc_death= 0 and  outc_life_threat =0 and outc_hosp =0 and outc_disability=0 and outc_cong_anomaly=0  and outc_reqd_interv=0 and outc_other=0 and outc_none=0 and outc_rec=0 and outc_rx=0)<br/>
Expected : [0]<br/>
Actual : [0]<br/>
</div>
</td>
<td></td>
<td>0</td>
<td>com.sapphire.etl.AERS_DEMO@1dff3a2</td></tr>
<tr>
<td title='com.sapphire.etl.AERS_DEMO.demoCaseValidFrom()'><b>demoCaseValidFrom</b><br>Test class: com.sapphire.etl.AERS_DEMO<br/>
<a href="#Output-23776721" onClick='toggleBox("Output-23776721", this, "Show output", "Hide output");'>Show output</a>

<a href="#Output-23776721" onClick="toggleAllBoxes();">Show all outputs</a>
<div class='log' id="Output-23776721">
SELECT count(*) FROM aers_demo where valid_from is null <br/>
Expected : [0]<br/>
Actual : [0]<br/>
</div>
</td>
<td></td>
<td>0</td>
<td>com.sapphire.etl.AERS_DEMO@1dff3a2</td></tr>
<tr>
<td title='com.sapphire.etl.AERS_DEMO.demoFDA_date()'><b>demoFDA_date</b><br>Test class: com.sapphire.etl.AERS_DEMO<br/>
<a href="#Output-8175078" onClick='toggleBox("Output-8175078", this, "Show output", "Hide output");'>Show output</a>

<a href="#Output-8175078" onClick="toggleAllBoxes();">Show all outputs</a>
<div class='log' id="Output-8175078">
SELECT count(*) FROM aers_demo where fda_date is null<br/>
Expected : [0]<br/>
Actual : [0]<br/>
</div>
</td>
<td></td>
<td>0</td>
<td>com.sapphire.etl.AERS_DEMO@1dff3a2</td></tr>
<tr>
<td title='com.sapphire.etl.AERS_DRUGS.drugRole_Code()'><b>drugRole_Code</b><br>Test class: com.sapphire.etl.AERS_DRUGS<br/>
<a href="#Output-18655235" onClick='toggleBox("Output-18655235", this, "Show output", "Hide output");'>Show output</a>

<a href="#Output-18655235" onClick="toggleAllBoxes();">Show all outputs</a>
<div class='log' id="Output-18655235">
SELECT distinct role_code FROM aers.aers_drugs<br/>
Expected : [C, I, O, PS, S, SS]<br/>
Actual : [C, I, O, PS, S, SS]<br/>
</div>
</td>
<td></td>
<td>0</td>
<td>com.sapphire.etl.AERS_DRUGS@15ee671</td></tr>
<tr>
<td title='com.sapphire.etl.AERS_DRUGS.drugRole_Decode()'><b>drugRole_Decode</b><br>Test class: com.sapphire.etl.AERS_DRUGS<br/>
<a href="#Output-28678543" onClick='toggleBox("Output-28678543", this, "Show output", "Hide output");'>Show output</a>

<a href="#Output-28678543" onClick="toggleAllBoxes();">Show all outputs</a>
<div class='log' id="Output-28678543">
SELECT distinct role_dec FROM aers.aers_drugs<br/>
Expected : [CONCOMITANT, SECONDARY SUSPECT, PRIMARY SUSPECT, INTERACTING]<br/>
Actual : [CONCOMITANT, SECONDARY SUSPECT, PRIMARY SUSPECT, INTERACTING]<br/>
</div>
</td>
<td></td>
<td>0</td>
<td>com.sapphire.etl.AERS_DRUGS@15ee671</td></tr>
<tr>
<td title='com.sapphire.etl.AERS_REACTIONS.reactionPtCodeNotNull()'><b>reactionPtCodeNotNull</b><br>Test class: com.sapphire.etl.AERS_REACTIONS<br/>
<a href="#Output-11930515" onClick='toggleBox("Output-11930515", this, "Show output", "Hide output");'>Show output</a>

<a href="#Output-11930515" onClick="toggleAllBoxes();">Show all outputs</a>
<div class='log' id="Output-11930515">
SELECT count(distinct isr_id) FROM aers.aers_reactions where pt_name is null and pt_code is not null<br/>
Expected : [0]<br/>
Actual : [0]<br/>
</div>
</td>
<td></td>
<td>0</td>
<td>com.sapphire.etl.AERS_REACTIONS@e5b723</td></tr>
<tr>
<td title='com.sapphire.etl.AERS_REACTIONS.reactionPtNameNotNull()'><b>reactionPtNameNotNull</b><br>Test class: com.sapphire.etl.AERS_REACTIONS<br/>
<a href="#Output-28036099" onClick='toggleBox("Output-28036099", this, "Show output", "Hide output");'>Show output</a>

<a href="#Output-28036099" onClick="toggleAllBoxes();">Show all outputs</a>
<div class='log' id="Output-28036099">
SELECT count(distinct isr_id) FROM aers.aers_reactions where pt_code is null and pt_name is not null<br/>
Expected : [0]<br/>
Actual : [0]<br/>
</div>
</td>
<td></td>
<td>0</td>
<td>com.sapphire.etl.AERS_REACTIONS@e5b723</td></tr>
</table><p>
</body>
</html>