-------------------------------------------------------------------------------
Test set: TestSuite
-------------------------------------------------------------------------------
Tests run: 3, Failures: 1, Errors: 0, Skipped: 0, Time elapsed: 0.514 sec <<< FAILURE! - in TestSuite
reaction_VBM(com.ms.sapphire.etl.AERS_REACTIONS)  Time elapsed: 0.196 sec  <<< FAILURE!
java.lang.AssertionError: pt_name is null in aers_reactions for [41]records
	at org.testng.Assert.fail(Assert.java:94)
	at com.ms.sapphire.etl.AERS_REACTIONS.reaction_VBM(AERS_REACTIONS.java:48)

