<html>
<head>
<title>TestNG:  Admin Test</title>
<link href="../testng.css" rel="stylesheet" type="text/css" />
<link href="../my-testng.css" rel="stylesheet" type="text/css" />

<style type="text/css">
.log { display: none;} 
.stack-trace { display: none;} 
</style>
<script type="text/javascript">
<!--
function flip(e) {
  current = e.style.display;
  if (current == 'block') {
    e.style.display = 'none';
    return 0;
  }
  else {
    e.style.display = 'block';
    return 1;
  }
}

function toggleBox(szDivId, elem, msg1, msg2)
{
  var res = -1;  if (document.getElementById) {
    res = flip(document.getElementById(szDivId));
  }
  else if (document.all) {
    // this is the way old msie versions work
    res = flip(document.all[szDivId]);
  }
  if(elem) {
    if(res == 0) elem.innerHTML = msg1; else elem.innerHTML = msg2;
  }

}

function toggleAllBoxes() {
  if (document.getElementsByTagName) {
    d = document.getElementsByTagName('div');
    for (i = 0; i < d.length; i++) {
      if (d[i].className == 'log') {
        flip(d[i]);
      }
    }
  }
}

// -->
</script>

</head>
<body>
<h2 align='center'>Admin Test</h2><table border='1' align="center">
<tr>
<td>Tests passed/Failed/Skipped:</td><td>14/2/0</td>
</tr><tr>
<td>Started on:</td><td>Wed Jan 08 21:17:27 IST 2014</td>
</tr>
<tr><td>Total time:</td><td>1808 seconds (1808258 ms)</td>
</tr><tr>
<td>Included groups:</td><td></td>
</tr><tr>
<td>Excluded groups:</td><td></td>
</tr>
</table><p/>
<small><i>(Hover the method name to see the test class name)</i></small><p/>
<table width='100%' border='1' class='invocation-failed'>
<tr><td colspan='4' align='center'><b>FAILED TESTS</b></td></tr>
<tr><td><b>Test method</b></td>
<td width="30%"><b>Exception</b></td>
<td width="10%"><b>Time (seconds)</b></td>
<td><b>Instance</b></td>
</tr>
<tr>
<td title='com.sapphire.admin.Create_EA_aers.TestMethodCreateEAaers()'><b>TestMethodCreateEAaers</b><br>Test class: com.sapphire.admin.Create_EA_aers<br/>
<a href="#Output-17615284" onClick='toggleBox("Output-17615284", this, "Show output", "Hide output");'>Show output</a>

<a href="#Output-17615284" onClick="toggleAllBoxes();">Show all outputs</a>
<div class='log' id="Output-17615284">
Expected text Sapphire matches actual test Sapphire<br/>
</div>
</td>
<td><div><pre>java.lang.AssertionError: Error in ea aers creation..
	at org.testng.Assert.fail(Assert.java:94)
	at com.sapphire.admin.Create_EA_aers.TestMethodCreateEAaers(Create_EA_aers.java:52)
	at sun.reflect.NativeMethodAccessorImpl.invoke0(Native Method)
	at sun.reflect.NativeMethodAccessorImpl.invoke(Unknown Source)
	at sun.reflect.DelegatingMethodAccessorImpl.invoke(Unknown Source)
	at java.lang.reflect.Method.invoke(Unknown Source)
	at org.testng.internal.MethodInvocationHelper.invokeMethod(MethodInvocationHelper.java:84)
	at org.testng.internal.Invoker.invokeMethod(Invoker.java:714)
	at org.testng.internal.Invoker.invokeTestMethod(Invoker.java:901)
	at org.testng.internal.Invoker.invokeTestMethods(Invoker.java:1231)
	at org.testng.internal.TestMethodWorker.invokeTestMethods(TestMethodWorker.java:127)
	at org.testng.internal.TestMethodWorker.run(TestMethodWorker.java:111)
	at org.testng.TestRunner.privateRun(TestRunner.java:767)
	at org.testng.TestRunner.run(TestRunner.java:617)
	at org.testng.SuiteRunner.runTest(SuiteRunner.java:334)
	at org.testng.SuiteRunner.runSequentially(SuiteRunner.java:329)
	at org.testng.SuiteRunner.privateRun(SuiteRunner.java:291)
	at org.testng.SuiteRunner.run(SuiteRunner.java:240)
	at org.testng.SuiteRunnerWorker.runSuite(SuiteRunnerWorker.java:52)
	at org.testng.SuiteRunnerWorker.run(SuiteRunnerWorker.java:86)
	at org.testng.TestNG.runSuitesSequentially(TestNG.java:1224)
	at org.testng.TestNG.runSuitesLocally(TestNG.java:1149)
	at org.testng.TestNG.run(TestNG.java:1057)
	at org.testng.remote.RemoteTestNG.run(RemoteTestNG.java:111)
	at org.testng.remote.RemoteTestNG.initAndRun(RemoteTestNG.java:204)
	at org.testng.remote.RemoteTestNG.main(RemoteTestNG.java:175)
</pre></div><a href='#' onClick='toggleBox("stack-trace17615284", this, "Click to show all stack frames", "Click to hide stack frames")'>Click to show all stack frames</a>
<div class='stack-trace' id='stack-trace17615284'><pre>java.lang.AssertionError: Error in ea aers creation..
	at org.testng.Assert.fail(Assert.java:94)
	at com.sapphire.admin.Create_EA_aers.TestMethodCreateEAaers(Create_EA_aers.java:52)
	at sun.reflect.NativeMethodAccessorImpl.invoke0(Native Method)
	at sun.reflect.NativeMethodAccessorImpl.invoke(Unknown Source)
	at sun.reflect.DelegatingMethodAccessorImpl.invoke(Unknown Source)
	at java.lang.reflect.Method.invoke(Unknown Source)
	at org.testng.internal.MethodInvocationHelper.invokeMethod(MethodInvocationHelper.java:84)
	at org.testng.internal.Invoker.invokeMethod(Invoker.java:714)
	at org.testng.internal.Invoker.invokeTestMethod(Invoker.java:901)
	at org.testng.internal.Invoker.invokeTestMethods(Invoker.java:1231)
	at org.testng.internal.TestMethodWorker.invokeTestMethods(TestMethodWorker.java:127)
	at org.testng.internal.TestMethodWorker.run(TestMethodWorker.java:111)
	at org.testng.TestRunner.privateRun(TestRunner.java:767)
	at org.testng.TestRunner.run(TestRunner.java:617)
	at org.testng.SuiteRunner.runTest(SuiteRunner.java:334)
	at org.testng.SuiteRunner.runSequentially(SuiteRunner.java:329)
	at org.testng.SuiteRunner.privateRun(SuiteRunner.java:291)
	at org.testng.SuiteRunner.run(SuiteRunner.java:240)
	at org.testng.SuiteRunnerWorker.runSuite(SuiteRunnerWorker.java:52)
	at org.testng.SuiteRunnerWorker.run(SuiteRunnerWorker.java:86)
	at org.testng.TestNG.runSuitesSequentially(TestNG.java:1224)
	at org.testng.TestNG.runSuitesLocally(TestNG.java:1149)
	at org.testng.TestNG.run(TestNG.java:1057)
	at org.testng.remote.RemoteTestNG.run(RemoteTestNG.java:111)
	at org.testng.remote.RemoteTestNG.initAndRun(RemoteTestNG.java:204)
	at org.testng.remote.RemoteTestNG.main(RemoteTestNG.java:175)
</pre></div></td>
<td>45</td>
<td>com.sapphire.admin.Create_EA_aers@16a786</td></tr>
<tr>
<td title='com.sapphire.admin.Delete_EA_aers_Analysis.TestMethodcheckBox()'><b>TestMethodcheckBox</b><br>Test class: com.sapphire.admin.Delete_EA_aers_Analysis</td>
<td><div><pre>org.openqa.selenium.NoSuchElementException: no such element
  (Session info: chrome=31.0.1650.63)
  (Driver info: chromedriver=2.8.241075,platform=Windows NT 6.1 x86) (WARNING: The server did not provide any stacktrace information)
Command duration or timeout: 30.06 seconds
For documentation on this error, please visit: http://seleniumhq.org/exceptions/no_such_element.html
Build info: version: &apos;2.38.0&apos;, revision: &apos;bd32d4e&apos;, time: &apos;2013-12-05 16:15:38&apos;
System info: host: &apos;PRATIK&apos;, ip: &apos;192.168.1.59&apos;, os.name: &apos;Windows 7&apos;, os.arch: &apos;x86&apos;, os.version: &apos;6.1&apos;, java.version: &apos;1.6.0_45&apos;
Session ID: 67394f2e34ad8ab7cd8cda538d0fc12e
Driver info: org.openqa.selenium.chrome.ChromeDriver
Capabilities [{platform=XP, acceptSslCerts=true, javascriptEnabled=true, browserName=chrome, chrome={userDataDir=C:\Users\admin\AppData\Local\Temp\scoped_dir1568_30360}, rotatable=false, locationContextEnabled=true, version=31.0.1650.63, takesHeapSnapshot=true, cssSelectorsEnabled=true, databaseEnabled=false, handlesAlerts=true, browserConnectionEnabled=false, nativeEvents=true, webStorageEnabled=true, applicationCacheEnabled=false, takesScreenshot=true}]
	at sun.reflect.NativeConstructorAccessorImpl.newInstance0(Native Method)
	at sun.reflect.NativeConstructorAccessorImpl.newInstance(Unknown Source)
	at sun.reflect.DelegatingConstructorAccessorImpl.newInstance(Unknown Source)
	at java.lang.reflect.Constructor.newInstance(Unknown Source)
	at org.openqa.selenium.remote.ErrorHandler.createThrowable(ErrorHandler.java:193)
	at org.openqa.selenium.remote.ErrorHandler.throwIfResponseFailed(ErrorHandler.java:145)
	at org.openqa.selenium.remote.RemoteWebDriver.execute(RemoteWebDriver.java:554)
	at org.openqa.selenium.remote.RemoteWebDriver.findElement(RemoteWebDriver.java:307)
	at org.openqa.selenium.remote.RemoteWebDriver.findElementByXPath(RemoteWebDriver.java:404)
	at org.openqa.selenium.By$ByXPath.findElement(By.java:363)
	at org.openqa.selenium.remote.RemoteWebDriver.findElement(RemoteWebDriver.java:299)
	at com.sapphire.admin.Delete_EA_aers_Analysis.TestMethodcheckBox(Delete_EA_aers_Analysis.java:16)
	at sun.reflect.NativeMethodAccessorImpl.invoke0(Native Method)
	at sun.reflect.NativeMethodAccessorImpl.invoke(Unknown Source)
	at sun.reflect.DelegatingMethodAccessorImpl.invoke(Unknown Source)
	at java.lang.reflect.Method.invoke(Unknown Source)
	at org.testng.internal.MethodInvocationHelper.invokeMethod(MethodInvocationHelper.java:84)
	at org.testng.internal.Invoker.invokeMethod(Invoker.java:714)
	at org.testng.internal.Invoker.invokeTestMethod(Invoker.java:901)
	at org.testng.internal.Invoker.invokeTestMethods(Invoker.java:1231)
	at org.testng.internal.TestMethodWorker.invokeTestMethods(TestMethodWorker.java:127)
	at org.testng.internal.TestMethodWorker.run(TestMethodWorker.java:111)
	at org.testng.TestRunner.privateRun(TestRunner.java:767)
	at org.testng.TestRunner.run(TestRunner.java:617)
	at org.testng.SuiteRunner.runTest(SuiteRunner.java:334)
	at org.testng.SuiteRunner.runSequentially(SuiteRunner.java:329)
	at org.testng.SuiteRunner.privateRun(SuiteRunner.java:291)
	at org.testng.SuiteRunner.run(SuiteRunner.java:240)
	at org.testng.SuiteRunnerWorker.runSuite(SuiteRunnerWorker.java:52)
	at org.testng.SuiteRunnerWorker.run(SuiteRunnerWorker.java:86)
	at org.testng.TestNG.runSuitesSequentially(TestNG.java:1224)
	at org.testng.TestNG.runSuitesLocally(TestNG.java:1149)
	at org.testng.TestNG.run(TestNG.java:1057)
	at org.testng.remote.RemoteTestNG.run(RemoteTestNG.java:111)
	at org.testng.remote.RemoteTestNG.initAndRun(RemoteTestNG.java:204)
	at org.testng.remote.RemoteTestNG.main(RemoteTestNG.java:175)
</pre></div><a href='#' onClick='toggleBox("stack-trace28839323", this, "Click to show all stack frames", "Click to hide stack frames")'>Click to show all stack frames</a>
<div class='stack-trace' id='stack-trace28839323'><pre>org.openqa.selenium.NoSuchElementException: no such element
  (Session info: chrome=31.0.1650.63)
  (Driver info: chromedriver=2.8.241075,platform=Windows NT 6.1 x86) (WARNING: The server did not provide any stacktrace information)
Command duration or timeout: 30.06 seconds
For documentation on this error, please visit: http://seleniumhq.org/exceptions/no_such_element.html
Build info: version: &apos;2.38.0&apos;, revision: &apos;bd32d4e&apos;, time: &apos;2013-12-05 16:15:38&apos;
System info: host: &apos;PRATIK&apos;, ip: &apos;192.168.1.59&apos;, os.name: &apos;Windows 7&apos;, os.arch: &apos;x86&apos;, os.version: &apos;6.1&apos;, java.version: &apos;1.6.0_45&apos;
Session ID: 67394f2e34ad8ab7cd8cda538d0fc12e
Driver info: org.openqa.selenium.chrome.ChromeDriver
Capabilities [{platform=XP, acceptSslCerts=true, javascriptEnabled=true, browserName=chrome, chrome={userDataDir=C:\Users\admin\AppData\Local\Temp\scoped_dir1568_30360}, rotatable=false, locationContextEnabled=true, version=31.0.1650.63, takesHeapSnapshot=true, cssSelectorsEnabled=true, databaseEnabled=false, handlesAlerts=true, browserConnectionEnabled=false, nativeEvents=true, webStorageEnabled=true, applicationCacheEnabled=false, takesScreenshot=true}]
	at sun.reflect.NativeConstructorAccessorImpl.newInstance0(Native Method)
	at sun.reflect.NativeConstructorAccessorImpl.newInstance(Unknown Source)
	at sun.reflect.DelegatingConstructorAccessorImpl.newInstance(Unknown Source)
	at java.lang.reflect.Constructor.newInstance(Unknown Source)
	at org.openqa.selenium.remote.ErrorHandler.createThrowable(ErrorHandler.java:193)
	at org.openqa.selenium.remote.ErrorHandler.throwIfResponseFailed(ErrorHandler.java:145)
	at org.openqa.selenium.remote.RemoteWebDriver.execute(RemoteWebDriver.java:554)
	at org.openqa.selenium.remote.RemoteWebDriver.findElement(RemoteWebDriver.java:307)
	at org.openqa.selenium.remote.RemoteWebDriver.findElementByXPath(RemoteWebDriver.java:404)
	at org.openqa.selenium.By$ByXPath.findElement(By.java:363)
	at org.openqa.selenium.remote.RemoteWebDriver.findElement(RemoteWebDriver.java:299)
	at com.sapphire.admin.Delete_EA_aers_Analysis.TestMethodcheckBox(Delete_EA_aers_Analysis.java:16)
	at sun.reflect.NativeMethodAccessorImpl.invoke0(Native Method)
	at sun.reflect.NativeMethodAccessorImpl.invoke(Unknown Source)
	at sun.reflect.DelegatingMethodAccessorImpl.invoke(Unknown Source)
	at java.lang.reflect.Method.invoke(Unknown Source)
	at org.testng.internal.MethodInvocationHelper.invokeMethod(MethodInvocationHelper.java:84)
	at org.testng.internal.Invoker.invokeMethod(Invoker.java:714)
	at org.testng.internal.Invoker.invokeTestMethod(Invoker.java:901)
	at org.testng.internal.Invoker.invokeTestMethods(Invoker.java:1231)
	at org.testng.internal.TestMethodWorker.invokeTestMethods(TestMethodWorker.java:127)
	at org.testng.internal.TestMethodWorker.run(TestMethodWorker.java:111)
	at org.testng.TestRunner.privateRun(TestRunner.java:767)
	at org.testng.TestRunner.run(TestRunner.java:617)
	at org.testng.SuiteRunner.runTest(SuiteRunner.java:334)
	at org.testng.SuiteRunner.runSequentially(SuiteRunner.java:329)
	at org.testng.SuiteRunner.privateRun(SuiteRunner.java:291)
	at org.testng.SuiteRunner.run(SuiteRunner.java:240)
	at org.testng.SuiteRunnerWorker.runSuite(SuiteRunnerWorker.java:52)
	at org.testng.SuiteRunnerWorker.run(SuiteRunnerWorker.java:86)
	at org.testng.TestNG.runSuitesSequentially(TestNG.java:1224)
	at org.testng.TestNG.runSuitesLocally(TestNG.java:1149)
	at org.testng.TestNG.run(TestNG.java:1057)
	at org.testng.remote.RemoteTestNG.run(RemoteTestNG.java:111)
	at org.testng.remote.RemoteTestNG.initAndRun(RemoteTestNG.java:204)
	at org.testng.remote.RemoteTestNG.main(RemoteTestNG.java:175)
</pre></div></td>
<td>35</td>
<td>com.sapphire.admin.Delete_EA_aers_Analysis@13f3045</td></tr>
</table><p>
<table width='100%' border='1' class='invocation-passed'>
<tr><td colspan='4' align='center'><b>PASSED TESTS</b></td></tr>
<tr><td><b>Test method</b></td>
<td width="30%"><b>Exception</b></td>
<td width="10%"><b>Time (seconds)</b></td>
<td><b>Instance</b></td>
</tr>
<tr>
<td title='com.sapphire.admin.LoginLogout.LoginLogoutMethod()'><b>LoginLogoutMethod</b><br>Test class: com.sapphire.admin.LoginLogout<br>Test method: Login Logout Decription<br/>
<a href="#Output-6758293" onClick='toggleBox("Output-6758293", this, "Show output", "Hide output");'>Show output</a>

<a href="#Output-6758293" onClick="toggleAllBoxes();">Show all outputs</a>
<div class='log' id="Output-6758293">
Login Logout successfully with user.............administrator<br/>
</div>
</td>
<td></td>
<td>16</td>
<td>com.sapphire.admin.LoginLogout@116ab4e</td></tr>
<tr>
<td title='com.sapphire.admin.Admin_Create_EventGroups.TestMethodCreateEventgroup()'><b>TestMethodCreateEventgroup</b><br>Test class: com.sapphire.admin.Admin_Create_EventGroups<br/>
<a href="#Output-6799782" onClick='toggleBox("Output-6799782", this, "Show output", "Hide output");'>Show output</a>

<a href="#Output-6799782" onClick="toggleAllBoxes();">Show all outputs</a>
<div class='log' id="Output-6799782">
Event group creation completeDesignated-Medical-Events<br/>
Event group creation completeLabelled-Events - Azacitidine (Vidaza)<br/>
Event group creation completeLabelled-Events - Carfilzomib (Kyprolis)<br/>
Event group creation completeLabelled-Events - Lenalidomide (Revlimid)<br/>
Event group creation completeLabelled-Events - Sorafenib (Nexavar)<br/>
Event group creation completeMedical concept - Cytomegalovirus<br/>
Event group creation completeMedical concept - Epstein-Barr<br/>
Event group creation completeMedical concept - Hepatitis<br/>
Event group creation completeMedical concept - Herpes<br/>
Event group creation completeMedical concept - Polyomavirus<br/>
Event group creation completeMedical concept - Retroviral<br/>
</div>
</td>
<td></td>
<td>188</td>
<td>com.sapphire.admin.Admin_Create_EventGroups@199f91c</td></tr>
<tr>
<td title='com.sapphire.admin.Admin_Create_Product.TestMethodCreateProduct()'><b>TestMethodCreateProduct</b><br>Test class: com.sapphire.admin.Admin_Create_Product<br/>
<a href="#Output-26548428" onClick='toggleBox("Output-26548428", this, "Show output", "Hide output");'>Show output</a>

<a href="#Output-26548428" onClick="toggleAllBoxes();">Show all outputs</a>
<div class='log' id="Output-26548428">
Expected text Sapphire matches actual test Sapphire<br/>
Product created Azacitidine<br/>
Expected text Sapphire matches actual test Sapphire<br/>
Product created Carfilzomib<br/>
Expected text Sapphire matches actual test Sapphire<br/>
Product created Lenalidomide<br/>
Expected text Sapphire matches actual test Sapphire<br/>
Product created Sorafenib<br/>
</div>
</td>
<td></td>
<td>336</td>
<td>com.sapphire.admin.Admin_Create_Product@129f3b5</td></tr>
<tr>
<td title='com.sapphire.admin.Admin_Create_ProductGroups.TestMethodCreateProductGroups()'><b>TestMethodCreateProductGroups</b><br>Test class: com.sapphire.admin.Admin_Create_ProductGroups<br/>
<a href="#Output-10140905" onClick='toggleBox("Output-10140905", this, "Show output", "Hide output");'>Show output</a>

<a href="#Output-10140905" onClick="toggleAllBoxes();">Show all outputs</a>
<div class='log' id="Output-10140905">
Expected text Sapphire matches actual test Sapphire<br/>
Product Group created MDS - Management drugs (Generic name)<br/>
Expected text Sapphire matches actual test Sapphire<br/>
Product Group created MDS - Management  drugs (Trade name)<br/>
Expected text Sapphire matches actual test Sapphire<br/>
Product Group created MM - Management drugs (Generic name)<br/>
Expected text Sapphire matches actual test Sapphire<br/>
Product Group created MM - Management drugs (Trade name)<br/>
</div>
</td>
<td></td>
<td>92</td>
<td>com.sapphire.admin.Admin_Create_ProductGroups@126804e</td></tr>
<tr>
<td title='com.sapphire.admin.Admin_Create_Role.TestMethodCreateRole()'><b>TestMethodCreateRole</b><br>Test class: com.sapphire.admin.Admin_Create_Role<br/>
<a href="#Output-2119510" onClick='toggleBox("Output-2119510", this, "Show output", "Hide output");'>Show output</a>

<a href="#Output-2119510" onClick="toggleAllBoxes();">Show all outputs</a>
<div class='log' id="Output-2119510">
Expected text Sapphire matches actual test Sapphire<br/>
Role created : safety review<br/>
</div>
</td>
<td></td>
<td>53</td>
<td>com.sapphire.admin.Admin_Create_Role@ed0338</td></tr>
<tr>
<td title='com.sapphire.admin.Admin_Create_Scheduler.TestMethodCreateScheduler()'><b>TestMethodCreateScheduler</b><br>Test class: com.sapphire.admin.Admin_Create_Scheduler<br>Test method: Creating Scheduler<br/>
<a href="#Output-23440185" onClick='toggleBox("Output-23440185", this, "Show output", "Hide output");'>Show output</a>

<a href="#Output-23440185" onClick="toggleAllBoxes();">Show all outputs</a>
<div class='log' id="Output-23440185">
Expected text Sapphire matches actual test Sapphire<br/>
Scheduler creation complete... Alert scheduler (10 minutes)<br/>
Expected text Sapphire matches actual test Sapphire<br/>
Scheduler creation complete... Report scheduler (10 minutes)<br/>
Expected text Sapphire matches actual test Sapphire<br/>
Scheduler creation complete... UDR scheduler<br/>
</div>
</td>
<td></td>
<td>50</td>
<td>com.sapphire.admin.Admin_Create_Scheduler@77158a</td></tr>
<tr>
<td title='com.sapphire.admin.Admin_Create_TemplateGroups.TestMethodCreateTemplateGroup()'><b>TestMethodCreateTemplateGroup</b><br>Test class: com.sapphire.admin.Admin_Create_TemplateGroups<br/>
<a href="#Output-8279577" onClick='toggleBox("Output-8279577", this, "Show output", "Hide output");'>Show output</a>

<a href="#Output-8279577" onClick="toggleAllBoxes();">Show all outputs</a>
<div class='log' id="Output-8279577">
Expected text Sapphire matches actual test Sapphire<br/>
Template group creation completeDemographic reports<br/>
Expected text Sapphire matches actual test Sapphire<br/>
Template group creation completeDemographic reports<br/>
Expected text Sapphire matches actual test Sapphire<br/>
Template group creation completeSignal score reports<br/>
Expected text Sapphire matches actual test Sapphire<br/>
Template group creation completeSignal score reports<br/>
</div>
</td>
<td></td>
<td>34</td>
<td>com.sapphire.admin.Admin_Create_TemplateGroups@1b1aa65</td></tr>
<tr>
<td title='com.sapphire.admin.Admin_Create_Template_Report_Parameters.TestMethodCreateTemplateReportParameters()'><b>TestMethodCreateTemplateReportParameters</b><br>Test class: com.sapphire.admin.Admin_Create_Template_Report_Parameters<br/>
<a href="#Output-22834317" onClick='toggleBox("Output-22834317", this, "Show output", "Hide output");'>Show output</a>

<a href="#Output-22834317" onClick="toggleAllBoxes();">Show all outputs</a>
<div class='log' id="Output-22834317">
Expected text Sapphire matches actual test Sapphire<br/>
Template parameter creation completeText<br/>
Expected text Sapphire matches actual test Sapphire<br/>
Template parameter creation completeDate<br/>
Expected text Sapphire matches actual test Sapphire<br/>
Template parameter creation completeProducts<br/>
Expected text Sapphire matches actual test Sapphire<br/>
Template parameter creation completeEvent Type<br/>
Expected text Sapphire matches actual test Sapphire<br/>
Template parameter creation completeProduct Level<br/>
Expected text Sapphire matches actual test Sapphire<br/>
Template parameter creation completeEvents<br/>
</div>
</td>
<td></td>
<td>64</td>
<td>com.sapphire.admin.Admin_Create_Template_Report_Parameters@a6aeed</td></tr>
<tr>
<td title='com.sapphire.admin.Admin_Create_Template.TestMethodCreateTemplateReportParameters()'><b>TestMethodCreateTemplateReportParameters</b><br>Test class: com.sapphire.admin.Admin_Create_Template<br/>
<a href="#Output-28054487" onClick='toggleBox("Output-28054487", this, "Show output", "Hide output");'>Show output</a>

<a href="#Output-28054487" onClick="toggleAllBoxes();">Show all outputs</a>
<div class='log' id="Output-28054487">
Expected text Sapphire matches actual test Sapphire<br/>
complete template createdEvent outcome<br/>
Expected text Sapphire matches actual test Sapphire<br/>
complete template createdMedical concept<br/>
Expected text Sapphire matches actual test Sapphire<br/>
complete template createdDemo summary (AERS)<br/>
Expected text Sapphire matches actual test Sapphire<br/>
complete template createdDemo summary (CS)<br/>
Expected text Sapphire matches actual test Sapphire<br/>
complete template createdHierarchy report<br/>
Expected text Sapphire matches actual test Sapphire<br/>
complete template createdEBGM report<br/>
Expected text Sapphire matches actual test Sapphire<br/>
complete template createdDemo summary by Indications (CS)<br/>
Expected text Sapphire matches actual test Sapphire<br/>
complete template createdDemo summary by Indications (AERS)<br/>
Expected text Sapphire matches actual test Sapphire<br/>
complete template createdWF demo summary (CS)<br/>
Expected text Sapphire matches actual test Sapphire<br/>
complete template createdDossier<br/>
Expected text Sapphire matches actual test Sapphire<br/>
complete template createdWF seriousness / outcome (AERS)<br/>
Expected text Sapphire matches actual test Sapphire<br/>
complete template createdWF demo summary (AERS)<br/>
Expected text Sapphire matches actual test Sapphire<br/>
complete template createdWF source / country (AERS)<br/>
Expected text Sapphire matches actual test Sapphire<br/>
complete template createdWF age  / gender (AERS)<br/>
Expected text Sapphire matches actual test Sapphire<br/>
complete template createdHybrid PRR<br/>
Expected text Sapphire matches actual test Sapphire<br/>
complete template createdTemporal PRR<br/>
Expected text Sapphire matches actual test Sapphire<br/>
complete template createdNew PT's<br/>
</div>
</td>
<td></td>
<td>288</td>
<td>com.sapphire.admin.Admin_Create_Template@72ffb</td></tr>
<tr>
<td title='com.sapphire.admin.Admin_Create_User.TestMethodCreateUser()'><b>TestMethodCreateUser</b><br>Test class: com.sapphire.admin.Admin_Create_User<br/>
<a href="#Output-12954112" onClick='toggleBox("Output-12954112", this, "Show output", "Hide output");'>Show output</a>

<a href="#Output-12954112" onClick="toggleAllBoxes();">Show all outputs</a>
<div class='log' id="Output-12954112">
Expected text Sapphire matches actual test Sapphire<br/>
User created johnd<br/>
Expected text Sapphire matches actual test Sapphire<br/>
User created janed<br/>
</div>
</td>
<td></td>
<td>116</td>
<td>com.sapphire.admin.Admin_Create_User@2ce908</td></tr>
<tr>
<td title='com.sapphire.admin.Admin_Create_User_Groups.TestMethodCreateUserGroup()'><b>TestMethodCreateUserGroup</b><br>Test class: com.sapphire.admin.Admin_Create_User_Groups<br/>
<a href="#Output-13252483" onClick='toggleBox("Output-13252483", this, "Show output", "Hide output");'>Show output</a>

<a href="#Output-13252483" onClick="toggleAllBoxes();">Show all outputs</a>
<div class='log' id="Output-13252483">
Expected text Sapphire matches actual test Sapphire<br/>
User Group created safety user<br/>
</div>
</td>
<td></td>
<td>36</td>
<td>com.sapphire.admin.Admin_Create_User_Groups@17a29a1</td></tr>
<tr>
<td title='com.sapphire.admin.Admin_Create_Workflow.TestMethodCreateWorkflow()'><b>TestMethodCreateWorkflow</b><br>Test class: com.sapphire.admin.Admin_Create_Workflow<br/>
<a href="#Output-18775238" onClick='toggleBox("Output-18775238", this, "Show output", "Hide output");'>Show output</a>

<a href="#Output-18775238" onClick="toggleAllBoxes();">Show all outputs</a>
<div class='log' id="Output-18775238">
Expected text Sapphire matches actual test Sapphire<br/>
complete workflow created<br/>
</div>
</td>
<td></td>
<td>28</td>
<td>com.sapphire.admin.Admin_Create_Workflow@148aa23</td></tr>
<tr>
<td title='com.sapphire.admin.Admin_Create_ThresholdPlan.TestMethodThresholdPlan()'><b>TestMethodThresholdPlan</b><br>Test class: com.sapphire.admin.Admin_Create_ThresholdPlan<br/>
<a href="#Output-29720734" onClick='toggleBox("Output-29720734", this, "Show output", "Hide output");'>Show output</a>

<a href="#Output-29720734" onClick="toggleAllBoxes();">Show all outputs</a>
<div class='log' id="Output-29720734">
Expected text Sapphire matches actual test Sapphire<br/>
Threshold Plan creation complete...........EudraVigilanceIII<br/>
</div>
</td>
<td></td>
<td>15</td>
<td>com.sapphire.admin.Admin_Create_ThresholdPlan@d2906a</td></tr>
<tr>
<td title='com.sapphire.admin.Admin_WorkflowPrivileges.TestMethodWorkflowPrivileges()'><b>TestMethodWorkflowPrivileges</b><br>Test class: com.sapphire.admin.Admin_WorkflowPrivileges<br/>
<a href="#Output-22402238" onClick='toggleBox("Output-22402238", this, "Show output", "Hide output");'>Show output</a>

<a href="#Output-22402238" onClick="toggleAllBoxes();">Show all outputs</a>
<div class='log' id="Output-22402238">
Expected text Sapphire matches actual test Sapphire<br/>
Expected text Sapphire matches actual test Sapphire<br/>
</div>
</td>
<td></td>
<td>40</td>
<td>com.sapphire.admin.Admin_WorkflowPrivileges@27391d</td></tr>
</table><p>
</body>
</html>